#
# A fatal error has been detected by the Java Runtime Environment:
#
#  SIGSEGV (0xb) at pc=0x00000001163e37fc, pid=5082, tid=35075
#
# JRE version: OpenJDK Runtime Environment (21.0+35) (build 21+35-2513)
# Java VM: OpenJDK 64-Bit Server VM (21+35-2513, mixed mode, sharing, tiered, compressed oops, compressed class ptrs, g1 gc, bsd-aarch64)
# Problematic frame:
# v  ~BufferBlob::MethodHandles adapters 0x00000001163e37fc
#
# No core dump will be written. Core dumps have been disabled. To enable core dumping, try "ulimit -c unlimited" before starting Java again
#
# If you would like to submit a bug report, please visit:
#   https://bugreport.java.com/bugreport/crash.jsp
#

---------------  S U M M A R Y ------------

Command Line: -agentlib:jdwp=transport=dt_socket,address=127.0.0.1:50613,suspend=y,server=n -Dfile.encoding=UTF-8 -Dsun.stdout.encoding=UTF-8 -Dsun.stderr.encoding=UTF-8 com.example.online_courses.OnlineCoursesApplication

Host: "MacBookAir10,1" arm64, 8 cores, 8G, Darwin 21.5.0, macOS 12.4 (21F79)
Time: Thu Nov  9 17:17:29 2023 MSK elapsed time: 216.206005 seconds (0d 0h 3m 36s)

---------------  T H R E A D  ---------------

Current thread (0x00000001273e6400):  JavaThread "http-nio-8080-exec-6" daemon [_thread_in_Java, id=35075, stack(0x0000000281270000,0x0000000281473000) (2060K)]

Stack: [0x0000000281270000,0x0000000281473000],  sp=0x000000028146f0d0,  free space=2044k
Native frames: (J=compiled Java code, j=interpreted, Vv=VM code, C=native code)
v  ~BufferBlob::MethodHandles adapters 0x00000001163e37fc
J 2679 c1 java.lang.invoke.LambdaForm$MH+0x000000700103c000.invoke(Ljava/lang/Object;Ljava/lang/Object;)Ljava/lang/Object; java.base@21 (35 bytes) @ 0x0000000782431ad0 [0x000000010f42df80+0x0000000673003b50]
C  0x0000000143b0b959

siginfo: si_signo: 11 (SIGSEGV), si_code: 2 (SEGV_ACCERR), si_addr: 0xb81500c02b4c0050

Registers:
 x0=0x00000001424879b8  x1=0x0000000fffffc118  x2=0x000000028146f100  x3=0x0000000000000002
 x4=0x0000000000000001  x5=0x0000000000000000  x6=0x0000000000000000  x7=0x0000000000000000
 x8=0x0000000000000000  x9=0x0000000000000008 x10=0x0000007000737d52 x11=0x0000000000000009
x12=0xb81500c02b4c0000 x13=0x00000070000b4da8 x14=0x0000000000000000 x15=0x0000a6000000a700
x16=0x0000000192570f5c x17=0x00006000028d8cf0 x18=0x0000000000000000 x19=0x000000028146f0d0
x20=0x000000028146f100 x21=0x0000000106712de0 x22=0x0000007000737d52 x23=0x0000000781c1ec78
x24=0x000000028146f170 x25=0x0000000781c1ee88 x26=0x00000070000b2258 x27=0x00000007ffbf9a40
x28=0x00000001273e6400  fp=0x000000028146f150  lr=0x00000001163c14a0  sp=0x000000028146f0d0
pc=0x00000001163e37fc cpsr=0x0000000000001000

Register to memory mapping:

x0 =0x00000001424879b8 is pointing into metadata
x1 =0x0000000fffffc118 points into unknown readable memory: 0x2010000030100000 | 00 00 10 30 00 00 10 20
x2 =0x000000028146f100 is pointing into the stack for thread: 0x00000001273e6400
x3 =0x0000000000000002 is an unknown value
x4 =0x0000000000000001 is an unknown value
x5 =0x0 is null
x6 =0x0 is null
x7 =0x0 is null
x8 =0x0 is null
x9 =0x0000000000000008 is an unknown value
x10=0x0000007000737d52 is pointing into metadata
x11=0x0000000000000009 is an unknown value
x12=0xb81500c02b4c0000 is an unknown value
x13={method} {0x00000070000b4da8} 'invokeVirtual' '(Ljava/lang/Object;Ljava/lang/Object;)Ljava/lang/Object;' in 'java/lang/invoke/DirectMethodHandle$Holder'
x14=0x0 is null
x15=0x0000a6000000a700 is an unknown value
x16=0x0000000192570f5c: pthread_jit_write_protect_np+0 in /usr/lib/system/libsystem_pthread.dylib at 0x0000000192569000
x17=0x00006000028d8cf0 points into unknown readable memory: 0x00000000ffffffff | ff ff ff ff 00 00 00 00
x18=0x0 is null
x19=0x000000028146f0d0 is pointing into the stack for thread: 0x00000001273e6400
x20=0x000000028146f100 is pointing into the stack for thread: 0x00000001273e6400
x21=0x0000000106712de0: _ZN19TemplateInterpreter13_active_tableE+0 in /Users/svetyartseva/Library/Java/JavaVirtualMachines/openjdk-21/Contents/Home/lib/server/libjvm.dylib at 0x0000000105a2c000
x22=0x0000007000737d52 is pointing into metadata
x23=0x0000000781c1ec78 is an oop: [Ljava.util.concurrent.ConcurrentHashMap$Node; 
{0x0000000781c1ec78} - klass: 'java/util/concurrent/ConcurrentHashMap$Node'[]
 - length: 128
x24=0x000000028146f170 is pointing into the stack for thread: 0x00000001273e6400
x25=0x0000000781c1ee88 is an oop: java.util.concurrent.ConcurrentHashMap$Node 
{0x0000000781c1ee88} - klass: 'java/util/concurrent/ConcurrentHashMap$Node'
 - ---- fields (total size 4 words):
 - final 'hash' 'I' @12  1624989543 (0x60db5f67)
 - final 'key' 'Ljava/lang/Object;' @16  a 'java/lang/Class'{0x00000007ffbf9a40} = 'com/example/online_courses/controllers/AuthController' (0xfff7f348)
 - volatile 'val' 'Ljava/lang/Object;' @20  a 'org/springframework/web/method/annotation/SessionAttributesHandler'{0x0000000781c1eea8} (0xf0383dd5)
 - volatile 'next' 'Ljava/util/concurrent/ConcurrentHashMap$Node;' @24  null (0x00000000)
x26=0x00000070000b2258 is pointing into metadata
x27=0x00000007ffbf9a40 is an oop: java.lang.Class 
{0x00000007ffbf9a40} - klass: 'java/lang/Class'
 - ---- fields (total size 14 words):
 - private volatile transient 'classRedefinedCount' 'I' @12  0 (0x00000000)
 - injected 'klass' 'J' @16  481053707296 (0x0000007001090c20)
 - injected 'array_klass' 'J' @24  0 (0x0000000000000000)
 - injected 'oop_size' 'I' @32  14 (0x0000000e)
 - injected 'static_oop_field_count' 'I' @36  0 (0x00000000)
 - private volatile transient 'cachedConstructor' 'Ljava/lang/reflect/Constructor;' @40  null (0x00000000)
 - private transient 'name' 'Ljava/lang/String;' @44  "com.example.online_courses.controllers.AuthController"{0x000000078070f4a8} (0xf00e1e95)
 - private transient 'module' 'Ljava/lang/Module;' @48  a 'java/lang/Module'{0x00000007803a7a58} (0xf0074f4b)
 - private final 'classLoader' 'Ljava/lang/ClassLoader;' @52  a 'org/springframework/boot/devtools/restart/classloader/RestartClassLoader'{0x000000078037d1e0} (0xf006fa3c)
 - private transient 'classData' 'Ljava/lang/Object;' @56  null (0x00000000)
 - private transient 'packageName' 'Ljava/lang/String;' @60  "com.example.online_courses.controllers"{0x00000007ffbe7fd0} (0xfff7cffa)
 - private final 'componentType' 'Ljava/lang/Class;' @64  null (0x00000000)
 - private volatile transient 'reflectionData' 'Ljava/lang/ref/SoftReference;' @68  a 'java/lang/ref/SoftReference'{0x000000078070f508} (0xf00e1ea1)
 - private volatile transient 'genericInfo' 'Lsun/reflect/generics/repository/ClassRepository;' @72  null (0x00000000)
 - private volatile transient 'enumConstants' '[Ljava/lang/Object;' @76  null (0x00000000)
 - private volatile transient 'enumConstantDirectory' 'Ljava/util/Map;' @80  null (0x00000000)
 - private volatile transient 'annotationData' 'Ljava/lang/Class$AnnotationData;' @84  a 'java/lang/Class$AnnotationData'{0x000000078070f580} (0xf00e1eb0)
 - private volatile transient 'annotationType' 'Lsun/reflect/annotation/AnnotationType;' @88  null (0x00000000)
 - transient 'classValueMap' 'Ljava/lang/ClassValue$ClassValueMap;' @92  null (0x00000000)
 - injected 'protection_domain' 'Ljava/lang/Object;' @96  a 'java/security/ProtectionDomain'{0x0000000780360808} (0xf006c101)
 - injected 'signers_name' 'Ljava/lang/Object;' @100  null (0x00000000)
 - injected 'source_file' 'Ljava/lang/Object;' @104  null (0x00000000)
 - signature: Lcom/example/online_courses/controllers/AuthController;
 - ---- static fields (0):
x28=0x00000001273e6400 is a thread
 fp=0x000000028146f150 is pointing into the stack for thread: 0x00000001273e6400
 lr=0x00000001163c14a0 is at code_begin+2400 in an Interpreter codelet
return entry points  [0x00000001163c0b40, 0x00000001163c22b0]  6000 bytes
 sp=0x000000028146f0d0 is pointing into the stack for thread: 0x00000001273e6400

Top of Stack: (sp=0x000000028146f0d0)
0x000000028146f0d0:   000000028146f150 00000001163db2c0
0x000000028146f0e0:   000000028146f110 0000000781c1ee88
0x000000028146f0f0:   00000001434e5488 0000000781662520
0x000000028146f100:   000000028146f100 0000007000737d52
0x000000028146f110:   0000000000000004 00000070000b2258
0x000000028146f120:   00000007ffe83758 000000028146f0d0
0x000000028146f130:   00000001424879b8 00000070000b4da8
0x000000028146f140:   000000028146f0f8 000000028146f180
0x000000028146f150:   000000028146f4c0 000000010f42e6f8
0x000000028146f160:   0000000782435698 0000000781662520
0x000000028146f170:   0000000782435630 000000010f42e6f8
0x000000028146f180:   00000007ffbf9a40 00000007ffbf9a40
0x000000028146f190:   00000001273e6400 0000000782435608
0x000000028146f1a0:   0000000781662520 00000007824356e0
0x000000028146f1b0:   0000000782435630 0000000781662520
0x000000028146f1c0:   000000010f42e598 0000000000000000
0x000000028146f1d0:   000000028146f4c0 000000010f2d7570
0x000000028146f1e0:   00000001066b14a0 0000000000000000
0x000000028146f1f0:   000000028146f200 0000000000000000
0x000000028146f200:   00000001066b1400 0000000000000000
0x000000028146f210:   000000028146f200 0000000000000000
0x000000028146f220:   000000028146f200 0000000000000000
0x000000028146f230:   00000001273e6400 0000000784270760
0x000000028146f240:   00000070002164f8 0000000000000000
0x000000028146f250:   0000000784270e08 0000000000000008
0x000000028146f260:   000000028146f628 0000000781c1ec78
0x000000028146f270:   0000000000000000 0000000004001030
0x000000028146f280:   000000028146f310 00000001163c18a0
0x000000028146f290:   00000007824355e8 0000000782431ad0
0x000000028146f2a0:   0000000781662520 000000010f782b68
0x000000028146f2b0:   000000028146f3b0 000000010f2a2adc
0x000000028146f2c0:   000000028146f2c0 0000000143e85e51 

Instructions: (pc=0x00000001163e37fc)
0x00000001163e36fc:   00000000 d4400000 d503201f d503201f
0x00000001163e370c:   d503201f d503201f d503201f d503201f
0x00000001163e371c:   d503201f d503201f d503201f d503201f
0x00000001163e372c:   d503201f d503201f d503201f d503201f
0x00000001163e373c:   d503201f f9400583 79405c63 8b236e88
0x00000001163e374c:   f85f8101 b940142c d37df18c b940298c
0x00000001163e375c:   d37df18c b940258c d37df18c f940098c
0x00000001163e376c:   b40000ec b945c388 34000068 f9401d88
0x00000001163e377c:   d61f0100 f9402988 d61f0100 1400685e
0x00000001163e378c:   d503201f d503201f d503201f d503201f
0x00000001163e379c:   d503201f d503201f d503201f d503201f
0x00000001163e37ac:   d503201f d503201f d503201f d503201f
0x00000001163e37bc:   d503201f f9400583 79405c63 8b236e88
0x00000001163e37cc:   f85f8102 f840868c b940084a d25c094a
0x00000001163e37dc:   f940098b 8b2b6d4c f940e58c b40000ec
0x00000001163e37ec:   b945c388 34000068 f9401d88 d61f0100
0x00000001163e37fc:   f9402988 d61f0100 1400683f d503201f
0x00000001163e380c:   d503201f d503201f d503201f d503201f
0x00000001163e381c:   d503201f d503201f d503201f d503201f
0x00000001163e382c:   d503201f d503201f d503201f d503201f
0x00000001163e383c:   d503201f f840868c b940258c d37df18c
0x00000001163e384c:   f940098c b40000ec b945c388 34000068
0x00000001163e385c:   f9401d88 d61f0100 f9402988 d61f0100
0x00000001163e386c:   14006825 d503201f d503201f d503201f
0x00000001163e387c:   d503201f f9400583 79405c63 8b236e88
0x00000001163e388c:   f85f8102 f840868c f940005f b940258c
0x00000001163e389c:   d37df18c f940098c b40000ec b945c388
0x00000001163e38ac:   34000068 f9401d88 d61f0100 f9402988
0x00000001163e38bc:   d61f0100 14006810 d503201f d503201f
0x00000001163e38cc:   d503201f d503201f d503201f d503201f
0x00000001163e38dc:   d503201f d503201f d503201f d503201f
0x00000001163e38ec:   d503201f d503201f d503201f d503201f 


Stack slot to memory mapping:

stack at sp + 0 slots: 0x000000028146f150 is pointing into the stack for thread: 0x00000001273e6400
stack at sp + 1 slots: 0x00000001163db2c0 is at code_begin+0 in an Interpreter codelet
deoptimization entry points  [0x00000001163db2c0, 0x00000001163ddb18]  10328 bytes
stack at sp + 2 slots: 0x000000028146f110 is pointing into the stack for thread: 0x00000001273e6400
stack at sp + 3 slots: 0x0000000781c1ee88 is an oop: java.util.concurrent.ConcurrentHashMap$Node 
{0x0000000781c1ee88} - klass: 'java/util/concurrent/ConcurrentHashMap$Node'
 - ---- fields (total size 4 words):
 - final 'hash' 'I' @12  1624989543 (0x60db5f67)
 - final 'key' 'Ljava/lang/Object;' @16  a 'java/lang/Class'{0x00000007ffbf9a40} = 'com/example/online_courses/controllers/AuthController' (0xfff7f348)
 - volatile 'val' 'Ljava/lang/Object;' @20  a 'org/springframework/web/method/annotation/SessionAttributesHandler'{0x0000000781c1eea8} (0xf0383dd5)
 - volatile 'next' 'Ljava/util/concurrent/ConcurrentHashMap$Node;' @24  null (0x00000000)
stack at sp + 4 slots: 0x00000001434e5488 is pointing into metadata
stack at sp + 5 slots: 0x0000000781662520 is an oop: com.example.online_courses.controllers.AuthController 
{0x0000000781662520} - klass: 'com/example/online_courses/controllers/AuthController'
 - ---- fields (total size 2 words):
 - private 'userRepository' 'Lcom/example/online_courses/repositories/UserRepository;' @12  a 'jdk/proxy4/$Proxy118'{0x00000007813f4048} (0xf027e809)
stack at sp + 6 slots: 0x000000028146f100 is pointing into the stack for thread: 0x00000001273e6400
stack at sp + 7 slots: 0x0000007000737d52 is pointing into metadata

MethodHandle::interpreter_entry::_linkToVirtual [0x00000001163e378c, 0x00000001163e3808] (124 bytes)
[MachCode]
  0x00000001163e378c: 1f20 03d5 | 1f20 03d5 | 1f20 03d5 | 1f20 03d5 | 1f20 03d5 | 1f20 03d5 | 1f20 03d5 | 1f20 03d5 
  0x00000001163e37ac: 1f20 03d5 | 1f20 03d5 | 1f20 03d5 | 1f20 03d5 | 1f20 03d5 | 8305 40f9 | 635c 4079 | 886e 238b 
  0x00000001163e37cc: 0281 5ff8 | 8c86 40f8 | 4a08 40b9 | 4a09 5cd2 | 8b09 40f9 | 4c6d 2b8b | 8ce5 40f9 | ec00 00b4 
  0x00000001163e37ec: 88c3 45b9 | 6800 0034 | 881d 40f9 | 0001 1fd6 | 8829 40f9 | 0001 1fd6 | 3f68 0014 
[/MachCode]

---------------  P R O C E S S  ---------------

Threads class SMR info:
_java_thread_list=0x0000600001df4c60, length=31, elements={
0x0000000125815800, 0x000000012600aa00, 0x0000000125818a00, 0x0000000126016800,
0x0000000126017000, 0x0000000125819200, 0x00000001270a6800, 0x0000000126017800,
0x0000000122808200, 0x00000001270a4c00, 0x0000000126018000, 0x00000001264cfa00,
0x000000012649c600, 0x00000001272c7800, 0x0000000125e1d600, 0x000000012580c200,
0x00000001267fc400, 0x00000001266c7400, 0x00000001273a5200, 0x00000001271d8400,
0x00000001255df600, 0x0000000144a1a400, 0x00000001274a6800, 0x00000001273e6400,
0x0000000144a1ac00, 0x0000000144a1b400, 0x00000001273e6c00, 0x00000001271d3000,
0x00000001271d3800, 0x00000001274bd600, 0x0000000127018800
}

Java Threads: ( => current thread )
  0x0000000125815800 JavaThread "Reference Handler"          daemon [_thread_blocked, id=22531, stack(0x000000016ca54000,0x000000016cc57000) (2060K)]
  0x000000012600aa00 JavaThread "Finalizer"                  daemon [_thread_blocked, id=42755, stack(0x000000016cc60000,0x000000016ce63000) (2060K)]
  0x0000000125818a00 JavaThread "Signal Dispatcher"          daemon [_thread_blocked, id=22787, stack(0x000000016ce6c000,0x000000016d06f000) (2060K)]
  0x0000000126016800 JavaThread "Service Thread"             daemon [_thread_blocked, id=23043, stack(0x000000016d078000,0x000000016d27b000) (2060K)]
  0x0000000126017000 JavaThread "Monitor Deflation Thread"   daemon [_thread_blocked, id=41731, stack(0x000000016d284000,0x000000016d487000) (2060K)]
  0x0000000125819200 JavaThread "C2 CompilerThread0"         daemon [_thread_blocked, id=23299, stack(0x000000016d490000,0x000000016d693000) (2060K)]
  0x00000001270a6800 JavaThread "C1 CompilerThread0"         daemon [_thread_blocked, id=23811, stack(0x000000016d69c000,0x000000016d89f000) (2060K)]
  0x0000000126017800 JavaThread "JDWP Transport Listener: dt_socket" daemon [_thread_blocked, id=41219, stack(0x000000016d8a8000,0x000000016daab000) (2060K)]
  0x0000000122808200 JavaThread "JDWP Event Helper Thread"   daemon [_thread_blocked, id=24323, stack(0x000000016dab4000,0x000000016dcb7000) (2060K)]
  0x00000001270a4c00 JavaThread "Notification Thread"        daemon [_thread_blocked, id=25347, stack(0x000000016decc000,0x000000016e0cf000) (2060K)]
  0x0000000126018000 JavaThread "Common-Cleaner"             daemon [_thread_blocked, id=25603, stack(0x000000016e0d8000,0x000000016e2db000) (2060K)]
  0x00000001264cfa00 JavaThread "Catalina-utility-1"                [_thread_blocked, id=28419, stack(0x000000016f75c000,0x000000016f95f000) (2060K)]
  0x000000012649c600 JavaThread "Catalina-utility-2"                [_thread_blocked, id=28931, stack(0x000000016f968000,0x000000016fb6b000) (2060K)]
  0x00000001272c7800 JavaThread "container-0"                       [_thread_blocked, id=37379, stack(0x000000016fb74000,0x000000016fd77000) (2060K)]
  0x0000000125e1d600 JavaThread "mysql-cj-abandoned-connection-cleanup" daemon [_thread_blocked, id=37123, stack(0x000000016fd80000,0x000000016ff83000) (2060K)]
  0x000000012580c200 JavaThread "HikariPool-1 housekeeper"   daemon [_thread_blocked, id=29699, stack(0x0000000280004000,0x0000000280207000) (2060K)]
  0x00000001267fc400 JavaThread "File Watcher"               daemon [_thread_blocked, id=36611, stack(0x000000028041c000,0x000000028061f000) (2060K)]
  0x00000001266c7400 JavaThread "Live Reload Server"         daemon [_thread_in_native, id=36103, stack(0x0000000280834000,0x0000000280a37000) (2060K)]
  0x00000001273a5200 JavaThread "http-nio-8080-exec-1"       daemon [_thread_blocked, id=30979, stack(0x0000000280628000,0x000000028082b000) (2060K)]
  0x00000001271d8400 JavaThread "http-nio-8080-exec-2"       daemon [_thread_blocked, id=35843, stack(0x0000000280a40000,0x0000000280c43000) (2060K)]
  0x00000001255df600 JavaThread "http-nio-8080-exec-3"       daemon [_thread_blocked, id=35587, stack(0x0000000280c4c000,0x0000000280e4f000) (2060K)]
  0x0000000144a1a400 JavaThread "http-nio-8080-exec-4"       daemon [_thread_blocked, id=32003, stack(0x0000000280e58000,0x000000028105b000) (2060K)]
  0x00000001274a6800 JavaThread "http-nio-8080-exec-5"       daemon [_thread_blocked, id=35331, stack(0x0000000281064000,0x0000000281267000) (2060K)]
=>0x00000001273e6400 JavaThread "http-nio-8080-exec-6"       daemon [_thread_in_Java, id=35075, stack(0x0000000281270000,0x0000000281473000) (2060K)]
  0x0000000144a1ac00 JavaThread "http-nio-8080-exec-7"       daemon [_thread_blocked, id=32771, stack(0x000000028147c000,0x000000028167f000) (2060K)]
  0x0000000144a1b400 JavaThread "http-nio-8080-exec-8"       daemon [_thread_blocked, id=34563, stack(0x0000000281688000,0x000000028188b000) (2060K)]
  0x00000001273e6c00 JavaThread "http-nio-8080-exec-9"       daemon [_thread_blocked, id=33283, stack(0x0000000281894000,0x0000000281a97000) (2060K)]
  0x00000001271d3000 JavaThread "http-nio-8080-exec-10"      daemon [_thread_blocked, id=33795, stack(0x0000000281aa0000,0x0000000281ca3000) (2060K)]
  0x00000001271d3800 JavaThread "http-nio-8080-Poller"       daemon [_thread_in_native, id=43523, stack(0x0000000281cac000,0x0000000281eaf000) (2060K)]
  0x00000001274bd600 JavaThread "http-nio-8080-Acceptor"     daemon [_thread_in_native, id=86787, stack(0x0000000281eb8000,0x00000002820bb000) (2060K)]
  0x0000000127018800 JavaThread "DestroyJavaVM"                     [_thread_blocked, id=9987, stack(0x000000016b8dc000,0x000000016badf000) (2060K)]
Total: 31

Other Threads:
  0x0000000126906af0 VMThread "VM Thread"                           [id=16131, stack(0x000000016c730000,0x000000016c933000) (2060K)] _threads_hazard_ptr=0x0000600001df4c60
  0x0000000126904360 WatcherThread "VM Periodic Task Thread"        [id=15107, stack(0x000000016c524000,0x000000016c727000) (2060K)]
  0x0000000126806890 WorkerThread "GC Thread#0"                     [id=20483, stack(0x000000016bae8000,0x000000016bceb000) (2060K)]
  0x0000000124e25b60 WorkerThread "GC Thread#1"                     [id=40195, stack(0x000000016e6fc000,0x000000016e8ff000) (2060K)]
  0x0000000105408f60 WorkerThread "GC Thread#2"                     [id=39683, stack(0x000000016e908000,0x000000016eb0b000) (2060K)]
  0x00000001054096f0 WorkerThread "GC Thread#3"                     [id=39427, stack(0x000000016eb14000,0x000000016ed17000) (2060K)]
  0x000000010540a050 WorkerThread "GC Thread#4"                     [id=38915, stack(0x000000016ed20000,0x000000016ef23000) (2060K)]
  0x000000010540a5c0 WorkerThread "GC Thread#5"                     [id=38403, stack(0x000000016ef2c000,0x000000016f12f000) (2060K)]
  0x000000012682c2e0 WorkerThread "GC Thread#6"                     [id=27395, stack(0x000000016f138000,0x000000016f33b000) (2060K)]
  0x0000000124e260d0 WorkerThread "GC Thread#7"                     [id=38147, stack(0x000000016f344000,0x000000016f547000) (2060K)]
  0x0000000126807030 ConcurrentGCThread "G1 Main Marker"            [id=12803, stack(0x000000016bcf4000,0x000000016bef7000) (2060K)]
  0x00000001268079a0 WorkerThread "G1 Conc#0"                       [id=13571, stack(0x000000016bf00000,0x000000016c103000) (2060K)]
  0x00000001269d5760 WorkerThread "G1 Conc#1"                       [id=28171, stack(0x000000016f550000,0x000000016f753000) (2060K)]
  0x000000012701ac00 ConcurrentGCThread "G1 Refine#0"               [id=14083, stack(0x000000016c10c000,0x000000016c30f000) (2060K)]
  0x0000000126809ec0 ConcurrentGCThread "G1 Service"                [id=14339, stack(0x000000016c318000,0x000000016c51b000) (2060K)]
Total: 15

Threads with active compile tasks:
Total: 0

VM state: synchronizing (normal execution)

VM Mutex/Monitor currently owned by a thread:  ([mutex/lock_event])
[0x0000000106768400] Threads_lock - owner thread: 0x0000000126906af0

Heap address: 0x0000000780000000, size: 2048 MB, Compressed Oops mode: Zero based, Oop shift amount: 3

CDS archive(s) mapped at: [0x0000007000000000-0x0000007000ca4000-0x0000007000ca4000), size 13254656, SharedBaseAddress: 0x0000007000000000, ArchiveRelocationMode: 1.
Compressed class space mapped at: 0x0000007001000000-0x0000007041000000, reserved size: 1073741824
Narrow klass base: 0x0000007000000000, Narrow klass shift: 0, Narrow klass range: 0x100000000

GC Precious Log:
 CardTable entry size: 512
 Card Set container configuration: InlinePtr #cards 5 size 8 Array Of Cards #cards 12 size 40 Howl #buckets 4 coarsen threshold 1843 Howl Bitmap #cards 512 size 80 coarsen threshold 460 Card regions per heap region 1 cards per card region 2048
 CPUs: 8 total, 8 available
 Memory: 8192M
 Large Page Support: Disabled
 NUMA Support: Disabled
 Compressed Oops: Enabled (Zero based)
 Heap Region Size: 1M
 Heap Min Capacity: 8M
 Heap Initial Capacity: 128M
 Heap Max Capacity: 2G
 Pre-touch: Disabled
 Parallel Workers: 8
 Concurrent Workers: 2
 Concurrent Refinement Workers: 8
 Periodic GC: Disabled

Heap:
 garbage-first heap   total 75776K, used 37976K [0x0000000780000000, 0x0000000800000000)
  region size 1024K, 8 young (8192K), 4 survivors (4096K)
 Metaspace       used 75888K, committed 76544K, reserved 1179648K
  class space    used 10291K, committed 10560K, reserved 1048576K

Heap Regions: E=young(eden), S=young(survivor), O=old, HS=humongous(starts), HC=humongous(continues), CS=collection set, F=free, TAMS=top-at-mark-start, PB=parsable bottom
|   0|0x0000000780000000, 0x0000000780100000, 0x0000000780100000|100%|HS|  |TAMS 0x0000000780000000| PB 0x0000000780000000| Complete 
|   1|0x0000000780100000, 0x0000000780200000, 0x0000000780200000|100%| O|  |TAMS 0x0000000780100000| PB 0x0000000780100000| Untracked 
|   2|0x0000000780200000, 0x0000000780300000, 0x0000000780300000|100%| O|  |TAMS 0x0000000780200000| PB 0x0000000780200000| Untracked 
|   3|0x0000000780300000, 0x0000000780400000, 0x0000000780400000|100%| O|  |TAMS 0x0000000780300000| PB 0x0000000780300000| Untracked 
|   4|0x0000000780400000, 0x0000000780500000, 0x0000000780500000|100%| O|  |TAMS 0x0000000780400000| PB 0x0000000780400000| Untracked 
|   5|0x0000000780500000, 0x0000000780600000, 0x0000000780600000|100%| O|  |TAMS 0x0000000780500000| PB 0x0000000780500000| Untracked 
|   6|0x0000000780600000, 0x0000000780700000, 0x0000000780700000|100%| O|  |TAMS 0x0000000780600000| PB 0x0000000780600000| Untracked 
|   7|0x0000000780700000, 0x0000000780800000, 0x0000000780800000|100%| O|  |TAMS 0x0000000780700000| PB 0x0000000780700000| Untracked 
|   8|0x0000000780800000, 0x0000000780900000, 0x0000000780900000|100%| O|  |TAMS 0x0000000780800000| PB 0x0000000780800000| Untracked 
|   9|0x0000000780900000, 0x0000000780a00000, 0x0000000780a00000|100%| O|  |TAMS 0x0000000780900000| PB 0x0000000780900000| Untracked 
|  10|0x0000000780a00000, 0x0000000780b00000, 0x0000000780b00000|100%| O|  |TAMS 0x0000000780a00000| PB 0x0000000780a00000| Untracked 
|  11|0x0000000780b00000, 0x0000000780c00000, 0x0000000780c00000|100%| O|  |TAMS 0x0000000780b00000| PB 0x0000000780b00000| Untracked 
|  12|0x0000000780c00000, 0x0000000780d00000, 0x0000000780d00000|100%| O|  |TAMS 0x0000000780c00000| PB 0x0000000780c00000| Untracked 
|  13|0x0000000780d00000, 0x0000000780e00000, 0x0000000780e00000|100%| O|  |TAMS 0x0000000780d00000| PB 0x0000000780d00000| Untracked 
|  14|0x0000000780e00000, 0x0000000780f00000, 0x0000000780f00000|100%| O|  |TAMS 0x0000000780e00000| PB 0x0000000780e00000| Untracked 
|  15|0x0000000780f00000, 0x0000000781000000, 0x0000000781000000|100%| O|  |TAMS 0x0000000780f00000| PB 0x0000000780f00000| Untracked 
|  16|0x0000000781000000, 0x0000000781100000, 0x0000000781100000|100%| O|  |TAMS 0x0000000781000000| PB 0x0000000781000000| Untracked 
|  17|0x0000000781100000, 0x0000000781200000, 0x0000000781200000|100%| O|  |TAMS 0x0000000781100000| PB 0x0000000781100000| Untracked 
|  18|0x0000000781200000, 0x0000000781300000, 0x0000000781300000|100%| O|  |TAMS 0x0000000781200000| PB 0x0000000781200000| Untracked 
|  19|0x0000000781300000, 0x0000000781400000, 0x0000000781400000|100%| O|  |TAMS 0x0000000781300000| PB 0x0000000781300000| Untracked 
|  20|0x0000000781400000, 0x0000000781500000, 0x0000000781500000|100%| O|  |TAMS 0x0000000781400000| PB 0x0000000781400000| Untracked 
|  21|0x0000000781500000, 0x0000000781600000, 0x0000000781600000|100%| O|  |TAMS 0x0000000781500000| PB 0x0000000781500000| Untracked 
|  22|0x0000000781600000, 0x0000000781700000, 0x0000000781700000|100%| O|  |TAMS 0x0000000781600000| PB 0x0000000781600000| Untracked 
|  23|0x0000000781700000, 0x0000000781800000, 0x0000000781800000|100%| O|  |TAMS 0x0000000781700000| PB 0x0000000781700000| Untracked 
|  24|0x0000000781800000, 0x0000000781879900, 0x0000000781900000| 47%| O|  |TAMS 0x0000000781800000| PB 0x0000000781800000| Untracked 
|  25|0x0000000781900000, 0x0000000781900000, 0x0000000781a00000|  0%| F|  |TAMS 0x0000000781900000| PB 0x0000000781900000| Untracked 
|  26|0x0000000781a00000, 0x0000000781a00000, 0x0000000781b00000|  0%| F|  |TAMS 0x0000000781a00000| PB 0x0000000781a00000| Untracked 
|  27|0x0000000781b00000, 0x0000000781b9ca40, 0x0000000781c00000| 61%| S|CS|TAMS 0x0000000781b00000| PB 0x0000000781b00000| Complete 
|  28|0x0000000781c00000, 0x0000000781d00000, 0x0000000781d00000|100%| S|CS|TAMS 0x0000000781c00000| PB 0x0000000781c00000| Complete 
|  29|0x0000000781d00000, 0x0000000781e00000, 0x0000000781e00000|100%| O|  |TAMS 0x0000000781d00000| PB 0x0000000781d00000| Untracked 
|  30|0x0000000781e00000, 0x0000000781f00000, 0x0000000781f00000|100%| O|  |TAMS 0x0000000781e00000| PB 0x0000000781e00000| Untracked 
|  31|0x0000000781f00000, 0x0000000782000000, 0x0000000782000000|100%| S|CS|TAMS 0x0000000781f00000| PB 0x0000000781f00000| Complete 
|  32|0x0000000782000000, 0x0000000782000000, 0x0000000782100000|  0%| F|  |TAMS 0x0000000782000000| PB 0x0000000782000000| Untracked 
|  33|0x0000000782100000, 0x0000000782100000, 0x0000000782200000|  0%| F|  |TAMS 0x0000000782100000| PB 0x0000000782100000| Untracked 
|  34|0x0000000782200000, 0x0000000782200000, 0x0000000782300000|  0%| F|  |TAMS 0x0000000782200000| PB 0x0000000782200000| Untracked 
|  35|0x0000000782300000, 0x0000000782300000, 0x0000000782400000|  0%| F|  |TAMS 0x0000000782300000| PB 0x0000000782300000| Untracked 
|  36|0x0000000782400000, 0x0000000782500000, 0x0000000782500000|100%| S|CS|TAMS 0x0000000782400000| PB 0x0000000782400000| Complete 
|  37|0x0000000782500000, 0x0000000782500000, 0x0000000782600000|  0%| F|  |TAMS 0x0000000782500000| PB 0x0000000782500000| Untracked 
|  38|0x0000000782600000, 0x0000000782600000, 0x0000000782700000|  0%| F|  |TAMS 0x0000000782600000| PB 0x0000000782600000| Untracked 
|  39|0x0000000782700000, 0x0000000782700000, 0x0000000782800000|  0%| F|  |TAMS 0x0000000782700000| PB 0x0000000782700000| Untracked 
|  40|0x0000000782800000, 0x0000000782800000, 0x0000000782900000|  0%| F|  |TAMS 0x0000000782800000| PB 0x0000000782800000| Untracked 
|  41|0x0000000782900000, 0x0000000782900000, 0x0000000782a00000|  0%| F|  |TAMS 0x0000000782900000| PB 0x0000000782900000| Untracked 
|  42|0x0000000782a00000, 0x0000000782a00000, 0x0000000782b00000|  0%| F|  |TAMS 0x0000000782a00000| PB 0x0000000782a00000| Untracked 
|  43|0x0000000782b00000, 0x0000000782b00000, 0x0000000782c00000|  0%| F|  |TAMS 0x0000000782b00000| PB 0x0000000782b00000| Untracked 
|  44|0x0000000782c00000, 0x0000000782c00000, 0x0000000782d00000|  0%| F|  |TAMS 0x0000000782c00000| PB 0x0000000782c00000| Untracked 
|  45|0x0000000782d00000, 0x0000000782d00000, 0x0000000782e00000|  0%| F|  |TAMS 0x0000000782d00000| PB 0x0000000782d00000| Untracked 
|  46|0x0000000782e00000, 0x0000000782e00000, 0x0000000782f00000|  0%| F|  |TAMS 0x0000000782e00000| PB 0x0000000782e00000| Untracked 
|  47|0x0000000782f00000, 0x0000000782f00000, 0x0000000783000000|  0%| F|  |TAMS 0x0000000782f00000| PB 0x0000000782f00000| Untracked 
|  48|0x0000000783000000, 0x0000000783000000, 0x0000000783100000|  0%| F|  |TAMS 0x0000000783000000| PB 0x0000000783000000| Untracked 
|  49|0x0000000783100000, 0x0000000783100000, 0x0000000783200000|  0%| F|  |TAMS 0x0000000783100000| PB 0x0000000783100000| Untracked 
|  50|0x0000000783200000, 0x0000000783200000, 0x0000000783300000|  0%| F|  |TAMS 0x0000000783200000| PB 0x0000000783200000| Untracked 
|  51|0x0000000783300000, 0x0000000783300000, 0x0000000783400000|  0%| F|  |TAMS 0x0000000783300000| PB 0x0000000783300000| Untracked 
|  52|0x0000000783400000, 0x0000000783400000, 0x0000000783500000|  0%| F|  |TAMS 0x0000000783400000| PB 0x0000000783400000| Untracked 
|  53|0x0000000783500000, 0x0000000783500000, 0x0000000783600000|  0%| F|  |TAMS 0x0000000783500000| PB 0x0000000783500000| Untracked 
|  54|0x0000000783600000, 0x0000000783600000, 0x0000000783700000|  0%| F|  |TAMS 0x0000000783600000| PB 0x0000000783600000| Untracked 
|  55|0x0000000783700000, 0x0000000783700000, 0x0000000783800000|  0%| F|  |TAMS 0x0000000783700000| PB 0x0000000783700000| Untracked 
|  56|0x0000000783800000, 0x0000000783800000, 0x0000000783900000|  0%| F|  |TAMS 0x0000000783800000| PB 0x0000000783800000| Untracked 
|  57|0x0000000783900000, 0x0000000783900000, 0x0000000783a00000|  0%| F|  |TAMS 0x0000000783900000| PB 0x0000000783900000| Untracked 
|  58|0x0000000783a00000, 0x0000000783a00000, 0x0000000783b00000|  0%| F|  |TAMS 0x0000000783a00000| PB 0x0000000783a00000| Untracked 
|  59|0x0000000783b00000, 0x0000000783b00000, 0x0000000783c00000|  0%| F|  |TAMS 0x0000000783b00000| PB 0x0000000783b00000| Untracked 
|  60|0x0000000783c00000, 0x0000000783c00000, 0x0000000783d00000|  0%| F|  |TAMS 0x0000000783c00000| PB 0x0000000783c00000| Untracked 
|  61|0x0000000783d00000, 0x0000000783d00000, 0x0000000783e00000|  0%| F|  |TAMS 0x0000000783d00000| PB 0x0000000783d00000| Untracked 
|  62|0x0000000783e00000, 0x0000000783e00000, 0x0000000783f00000|  0%| F|  |TAMS 0x0000000783e00000| PB 0x0000000783e00000| Untracked 
|  63|0x0000000783f00000, 0x0000000783f00000, 0x0000000784000000|  0%| F|  |TAMS 0x0000000783f00000| PB 0x0000000783f00000| Untracked 
|  64|0x0000000784000000, 0x0000000784000000, 0x0000000784100000|  0%| F|  |TAMS 0x0000000784000000| PB 0x0000000784000000| Untracked 
|  65|0x0000000784100000, 0x0000000784100000, 0x0000000784200000|  0%| F|  |TAMS 0x0000000784100000| PB 0x0000000784100000| Untracked 
|  66|0x0000000784200000, 0x0000000784293ce8, 0x0000000784300000| 57%| E|  |TAMS 0x0000000784200000| PB 0x0000000784200000| Complete 
|  70|0x0000000784600000, 0x0000000784700000, 0x0000000784700000|100%| E|CS|TAMS 0x0000000784600000| PB 0x0000000784600000| Complete 
|  71|0x0000000784700000, 0x0000000784800000, 0x0000000784800000|100%| E|CS|TAMS 0x0000000784700000| PB 0x0000000784700000| Complete 
|2043|0x00000007ffb00000, 0x00000007ffc00000, 0x00000007ffc00000|100%| O|  |TAMS 0x00000007ffb00000| PB 0x00000007ffb00000| Untracked 
|2044|0x00000007ffc00000, 0x00000007ffd00000, 0x00000007ffd00000|100%| O|  |TAMS 0x00000007ffc00000| PB 0x00000007ffc00000| Untracked 
|2045|0x00000007ffd00000, 0x00000007ffe00000, 0x00000007ffe00000|100%| O|  |TAMS 0x00000007ffd00000| PB 0x00000007ffd00000| Untracked 
|2046|0x00000007ffe00000, 0x00000007fff00000, 0x00000007fff00000|100%| O|  |TAMS 0x00000007ffe00000| PB 0x00000007ffe00000| Untracked 
|2047|0x00000007fff00000, 0x0000000800000000, 0x0000000800000000|100%| E|CS|TAMS 0x00000007fff00000| PB 0x00000007fff00000| Complete 

Card table byte_map: [0x0000000104f64000,0x0000000105364000] _byte_map_base: 0x0000000101364000

Marking Bits: (CMBitMap*) 0x000000012703b810
 Bits: [0x000000011de88000, 0x000000011fe88000)

Polling page: 0x000000010473c000

Metaspace:

Usage:
  Non-class:     64.06 MB used.
      Class:     10.05 MB used.
       Both:     74.11 MB used.

Virtual space:
  Non-class space:      128.00 MB reserved,      64.44 MB ( 50%) committed,  2 nodes.
      Class space:        1.00 GB reserved,      10.31 MB (  1%) committed,  1 nodes.
             Both:        1.12 GB reserved,      74.75 MB (  6%) committed. 

Chunk freelists:
   Non-Class:  14.95 MB
       Class:  5.50 MB
        Both:  20.45 MB

MaxMetaspaceSize: unlimited
CompressedClassSpaceSize: 1.00 GB
Initial GC threshold: 21.00 MB
Current GC threshold: 99.94 MB
CDS: on
 - commit_granule_bytes: 65536.
 - commit_granule_words: 8192.
 - virtual_space_node_default_size: 8388608.
 - enlarge_chunks_in_place: 1.
 - use_allocation_guard: 0.


Internal statistics:

num_allocs_failed_limit: 15.
num_arena_births: 964.
num_arena_deaths: 0.
num_vsnodes_births: 3.
num_vsnodes_deaths: 0.
num_space_committed: 1196.
num_space_uncommitted: 0.
num_chunks_returned_to_freelist: 15.
num_chunks_taken_from_freelist: 3616.
num_chunk_merges: 9.
num_chunk_splits: 2612.
num_chunks_enlarged: 2050.
num_inconsistent_stats: 0.

CodeHeap 'non-profiled nmethods': size=120032Kb used=3676Kb max_used=3676Kb free=116355Kb
 bounds [0x0000000116950000, 0x0000000116cf0000, 0x000000011de88000]
CodeHeap 'profiled nmethods': size=120016Kb used=13141Kb max_used=13141Kb free=106874Kb
 bounds [0x000000010ee88000, 0x000000010fb68000, 0x00000001163bc000]
CodeHeap 'non-nmethods': size=5712Kb used=1631Kb max_used=1720Kb free=4080Kb
 bounds [0x00000001163bc000, 0x000000011662c000, 0x0000000116950000]
 total_blobs=7145 nmethods=6373 adapters=680
 compilation: enabled
              stopped_count=0, restarted_count=0
 full_count=0

Compilation events (20 events):
Event: 144.662 Thread 0x00000001270a6800 nmethod 7138 0x000000010fb5a590 code [0x000000010fb5a740, 0x000000010fb5a8a0]
Event: 144.662 Thread 0x00000001270a6800 7139       3       java.lang.invoke.DirectMethodHandle$Holder::invokeStatic (26 bytes)
Event: 144.662 Thread 0x00000001270a6800 nmethod 7139 0x000000010fb5a990 code [0x000000010fb5ab80, 0x000000010fb5b190]
Event: 144.662 Thread 0x00000001270a6800 7140       3       java.lang.invoke.BoundMethodHandle$Species_LLLLL::<init> (36 bytes)
Event: 144.662 Thread 0x00000001270a6800 nmethod 7140 0x000000010fb5b310 code [0x000000010fb5b4c0, 0x000000010fb5b860]
Event: 144.662 Thread 0x00000001270a6800 7141       3       java.lang.invoke.BoundMethodHandle$Species_LLLLL::make (18 bytes)
Event: 144.663 Thread 0x00000001270a6800 nmethod 7141 0x000000010fb5b990 code [0x000000010fb5bb40, 0x000000010fb5bd18]
Event: 144.664 Thread 0x0000000125819200 nmethod 7137 0x0000000116ce6490 code [0x0000000116ce6680, 0x0000000116ce68b8]
Event: 216.197 Thread 0x00000001270a6800 7142       1       java.util.concurrent.ThreadPoolExecutor::getQueue (5 bytes)
Event: 216.198 Thread 0x00000001270a6800 nmethod 7142 0x0000000116ce6a90 code [0x0000000116ce6c00, 0x0000000116ce6ca8]
Event: 216.198 Thread 0x00000001270a6800 7143       3       java.util.concurrent.ThreadPoolExecutor::workerCountOf (5 bytes)
Event: 216.198 Thread 0x00000001270a6800 nmethod 7143 0x000000010fb5be10 code [0x000000010fb5bf80, 0x000000010fb5c058]
Event: 216.198 Thread 0x00000001270a6800 7144       3       java.util.concurrent.locks.AbstractQueuedSynchronizer$ConditionObject::signal (34 bytes)
Event: 216.199 Thread 0x00000001270a6800 nmethod 7144 0x000000010fb5c110 code [0x000000010fb5c300, 0x000000010fb5c6a8]
Event: 216.199 Thread 0x00000001270a6800 7145       3       java.util.concurrent.TimeUnit::convert (73 bytes)
Event: 216.200 Thread 0x00000001270a6800 nmethod 7145 0x000000010fb5c810 code [0x000000010fb5ca40, 0x000000010fb5ceb0]
Event: 216.200 Thread 0x00000001270a6800 7146       3       java.util.concurrent.ScheduledThreadPoolExecutor$ScheduledFutureTask::getDelay (16 bytes)
Event: 216.200 Thread 0x00000001270a6800 nmethod 7146 0x000000010fb5d090 code [0x000000010fb5d240, 0x000000010fb5d428]
Event: 216.200 Thread 0x00000001270a6800 7147       1       java.lang.Thread::isInterrupted (5 bytes)
Event: 216.200 Thread 0x00000001270a6800 nmethod 7147 0x0000000116ce6d90 code [0x0000000116ce6f00, 0x0000000116ce6fb0]

GC Heap History (20 events):
Event: 1.045 GC heap before
{Heap before GC invocations=2 (full 0):
 garbage-first heap   total 133120K, used 63402K [0x0000000780000000, 0x0000000800000000)
  region size 1024K, 56 young (57344K), 3 survivors (3072K)
 Metaspace       used 21196K, committed 21504K, reserved 1114112K
  class space    used 2591K, committed 2752K, reserved 1048576K
}
Event: 1.048 GC heap after
{Heap after GC invocations=3 (full 0):
 garbage-first heap   total 133120K, used 13976K [0x0000000780000000, 0x0000000800000000)
  region size 1024K, 7 young (7168K), 7 survivors (7168K)
 Metaspace       used 21196K, committed 21504K, reserved 1114112K
  class space    used 2591K, committed 2752K, reserved 1048576K
}
Event: 1.521 GC heap before
{Heap before GC invocations=4 (full 0):
 garbage-first heap   total 58368K, used 55960K [0x0000000780000000, 0x0000000800000000)
  region size 1024K, 48 young (49152K), 7 survivors (7168K)
 Metaspace       used 29272K, committed 29824K, reserved 1114112K
  class space    used 3675K, committed 3904K, reserved 1048576K
}
Event: 1.530 GC heap after
{Heap after GC invocations=5 (full 0):
 garbage-first heap   total 70656K, used 18939K [0x0000000780000000, 0x0000000800000000)
  region size 1024K, 9 young (9216K), 9 survivors (9216K)
 Metaspace       used 29272K, committed 29824K, reserved 1114112K
  class space    used 3675K, committed 3904K, reserved 1048576K
}
Event: 1.763 GC heap before
{Heap before GC invocations=5 (full 0):
 garbage-first heap   total 70656K, used 42491K [0x0000000780000000, 0x0000000800000000)
  region size 1024K, 33 young (33792K), 9 survivors (9216K)
 Metaspace       used 35409K, committed 35968K, reserved 1114112K
  class space    used 4596K, committed 4864K, reserved 1048576K
}
Event: 1.767 GC heap after
{Heap after GC invocations=6 (full 0):
 garbage-first heap   total 70656K, used 20270K [0x0000000780000000, 0x0000000800000000)
  region size 1024K, 2 young (2048K), 2 survivors (2048K)
 Metaspace       used 35409K, committed 35968K, reserved 1114112K
  class space    used 4596K, committed 4864K, reserved 1048576K
}
Event: 1.783 GC heap before
{Heap before GC invocations=6 (full 0):
 garbage-first heap   total 70656K, used 21294K [0x0000000780000000, 0x0000000800000000)
  region size 1024K, 4 young (4096K), 2 survivors (2048K)
 Metaspace       used 35774K, committed 36288K, reserved 1114112K
  class space    used 4630K, committed 4864K, reserved 1048576K
}
Event: 1.784 GC heap after
{Heap after GC invocations=7 (full 0):
 garbage-first heap   total 84992K, used 19901K [0x0000000780000000, 0x0000000800000000)
  region size 1024K, 2 young (2048K), 2 survivors (2048K)
 Metaspace       used 35774K, committed 36288K, reserved 1114112K
  class space    used 4630K, committed 4864K, reserved 1048576K
}
Event: 2.285 GC heap before
{Heap before GC invocations=8 (full 0):
 garbage-first heap   total 75776K, used 62909K [0x0000000780000000, 0x0000000800000000)
  region size 1024K, 44 young (45056K), 2 survivors (2048K)
 Metaspace       used 51963K, committed 52544K, reserved 1114112K
  class space    used 6700K, committed 6976K, reserved 1048576K
}
Event: 2.288 GC heap after
{Heap after GC invocations=9 (full 0):
 garbage-first heap   total 75776K, used 23475K [0x0000000780000000, 0x0000000800000000)
  region size 1024K, 5 young (5120K), 5 survivors (5120K)
 Metaspace       used 51963K, committed 52544K, reserved 1114112K
  class space    used 6700K, committed 6976K, reserved 1048576K
}
Event: 2.624 GC heap before
{Heap before GC invocations=9 (full 0):
 garbage-first heap   total 75776K, used 63411K [0x0000000780000000, 0x0000000800000000)
  region size 1024K, 44 young (45056K), 5 survivors (5120K)
 Metaspace       used 60333K, committed 60928K, reserved 1114112K
  class space    used 7927K, committed 8192K, reserved 1048576K
}
Event: 2.628 GC heap after
{Heap after GC invocations=10 (full 0):
 garbage-first heap   total 75776K, used 25411K [0x0000000780000000, 0x0000000800000000)
  region size 1024K, 3 young (3072K), 3 survivors (3072K)
 Metaspace       used 60333K, committed 60928K, reserved 1114112K
  class space    used 7927K, committed 8192K, reserved 1048576K
}
Event: 2.641 GC heap before
{Heap before GC invocations=10 (full 0):
 garbage-first heap   total 75776K, used 26435K [0x0000000780000000, 0x0000000800000000)
  region size 1024K, 5 young (5120K), 3 survivors (3072K)
 Metaspace       used 60645K, committed 61248K, reserved 1114112K
  class space    used 7992K, committed 8256K, reserved 1048576K
}
Event: 2.643 GC heap after
{Heap after GC invocations=11 (full 0):
 garbage-first heap   total 75776K, used 25358K [0x0000000780000000, 0x0000000800000000)
  region size 1024K, 3 young (3072K), 3 survivors (3072K)
 Metaspace       used 60645K, committed 61248K, reserved 1114112K
  class space    used 7992K, committed 8256K, reserved 1048576K
}
Event: 3.242 GC heap before
{Heap before GC invocations=12 (full 0):
 garbage-first heap   total 75776K, used 64270K [0x0000000780000000, 0x0000000800000000)
  region size 1024K, 41 young (41984K), 3 survivors (3072K)
 Metaspace       used 65717K, committed 66368K, reserved 1114112K
  class space    used 8924K, committed 9216K, reserved 1048576K
}
Event: 3.244 GC heap after
{Heap after GC invocations=13 (full 0):
 garbage-first heap   total 75776K, used 28212K [0x0000000780000000, 0x0000000800000000)
  region size 1024K, 6 young (6144K), 6 survivors (6144K)
 Metaspace       used 65717K, committed 66368K, reserved 1114112K
  class space    used 8924K, committed 9216K, reserved 1048576K
}
Event: 3.788 GC heap before
{Heap before GC invocations=13 (full 0):
 garbage-first heap   total 75776K, used 63028K [0x0000000780000000, 0x0000000800000000)
  region size 1024K, 40 young (40960K), 6 survivors (6144K)
 Metaspace       used 70629K, committed 71360K, reserved 1114112K
  class space    used 9629K, committed 9984K, reserved 1048576K
}
Event: 3.792 GC heap after
{Heap after GC invocations=14 (full 0):
 garbage-first heap   total 75776K, used 31381K [0x0000000780000000, 0x0000000800000000)
  region size 1024K, 4 young (4096K), 4 survivors (4096K)
 Metaspace       used 70629K, committed 71360K, reserved 1114112K
  class space    used 9629K, committed 9984K, reserved 1048576K
}
Event: 61.795 GC heap before
{Heap before GC invocations=14 (full 0):
 garbage-first heap   total 75776K, used 64149K [0x0000000780000000, 0x0000000800000000)
  region size 1024K, 37 young (37888K), 4 survivors (4096K)
 Metaspace       used 75658K, committed 76288K, reserved 1179648K
  class space    used 10281K, committed 10560K, reserved 1048576K
}
Event: 61.801 GC heap after
{Heap after GC invocations=15 (full 0):
 garbage-first heap   total 75776K, used 34904K [0x0000000780000000, 0x0000000800000000)
  region size 1024K, 4 young (4096K), 4 survivors (4096K)
 Metaspace       used 75658K, committed 76288K, reserved 1179648K
  class space    used 10281K, committed 10560K, reserved 1048576K
}

Dll operation events (20 events):
Event: 1.208 Loading shared library /usr/lib/java/libtcnative-1.dylib failed, dlopen(/usr/lib/java/libtcnative-1.dylib, 0x0001): tried: '/usr/lib/java/libtcnative-1.dylib' (no such file)
Event: 1.208 Loading shared library /usr/lib/java/libtcnative-1.jnilib failed, dlopen(/usr/lib/java/libtcnative-1.jnilib, 0x0001): tried: '/usr/lib/java/libtcnative-1.jnilib' (no such file)
Event: 1.208 Loading shared library /Users/svetyartseva/Desktop/uni/3kurs/РБПО/online_courses/libtcnative-1.dylib failed, dlopen(/Users/svetyartseva/Desktop/uni/3kurs/РБПО/online_courses/libtcnative-1.dylib, 0x0001): tried: '/Users/svetyartseva/Desktop/uni/3ku
Event: 1.208 Loading shared library /Users/svetyartseva/Desktop/uni/3kurs/РБПО/online_courses/libtcnative-1.jnilib failed, dlopen(/Users/svetyartseva/Desktop/uni/3kurs/РБПО/online_courses/libtcnative-1.jnilib, 0x0001): tried: '/Users/svetyartseva/Desktop/uni/3
Event: 1.208 Loading shared library /Users/svetyartseva/Library/Java/JavaVirtualMachines/openjdk-21/Contents/Home/lib/liblibtcnative-1.dylib failed, dlopen(/Users/svetyartseva/Library/Java/JavaVirtualMachines/openjdk-21/Contents/Home/lib/liblibtcnative-1.dylib, 0x0001
Event: 1.208 Loading shared library /Users/svetyartseva/Library/Java/JavaVirtualMachines/openjdk-21/Contents/Home/lib/liblibtcnative-1.jnilib failed, dlopen(/Users/svetyartseva/Library/Java/JavaVirtualMachines/openjdk-21/Contents/Home/lib/liblibtcnative-1.jnilib, 0x00
Event: 1.208 Loading shared library /Users/svetyartseva/Library/Java/Extensions/liblibtcnative-1.dylib failed, dlopen(/Users/svetyartseva/Library/Java/Extensions/liblibtcnative-1.dylib, 0x0001): tried: '/Users/svetyartseva/Library/Java/Extensions/liblibtcnative-1.dyli
Event: 1.208 Loading shared library /Users/svetyartseva/Library/Java/Extensions/liblibtcnative-1.jnilib failed, dlopen(/Users/svetyartseva/Library/Java/Extensions/liblibtcnative-1.jnilib, 0x0001): tried: '/Users/svetyartseva/Library/Java/Extensions/liblibtcnative-1.jn
Event: 1.208 Loading shared library /Library/Java/Extensions/liblibtcnative-1.dylib failed, dlopen(/Library/Java/Extensions/liblibtcnative-1.dylib, 0x0001): tried: '/Library/Java/Extensions/liblibtcnative-1.dylib' (no such file)
Event: 1.208 Loading shared library /Library/Java/Extensions/liblibtcnative-1.jnilib failed, dlopen(/Library/Java/Extensions/liblibtcnative-1.jnilib, 0x0001): tried: '/Library/Java/Extensions/liblibtcnative-1.jnilib' (no such file)
Event: 1.208 Loading shared library /Network/Library/Java/Extensions/liblibtcnative-1.dylib failed, dlopen(/Network/Library/Java/Extensions/liblibtcnative-1.dylib, 0x0001): tried: '/Network/Library/Java/Extensions/liblibtcnative-1.dylib' (no such file)
Event: 1.208 Loading shared library /Network/Library/Java/Extensions/liblibtcnative-1.jnilib failed, dlopen(/Network/Library/Java/Extensions/liblibtcnative-1.jnilib, 0x0001): tried: '/Network/Library/Java/Extensions/liblibtcnative-1.jnilib' (no such file)
Event: 1.208 Loading shared library /System/Library/Java/Extensions/liblibtcnative-1.dylib failed, dlopen(/System/Library/Java/Extensions/liblibtcnative-1.dylib, 0x0001): tried: '/System/Library/Java/Extensions/liblibtcnative-1.dylib' (no such file)
Event: 1.208 Loading shared library /System/Library/Java/Extensions/liblibtcnative-1.jnilib failed, dlopen(/System/Library/Java/Extensions/liblibtcnative-1.jnilib, 0x0001): tried: '/System/Library/Java/Extensions/liblibtcnative-1.jnilib' (no such file)
Event: 1.208 Loading shared library /usr/lib/java/liblibtcnative-1.dylib failed, dlopen(/usr/lib/java/liblibtcnative-1.dylib, 0x0001): tried: '/usr/lib/java/liblibtcnative-1.dylib' (no such file)
Event: 1.208 Loading shared library /usr/lib/java/liblibtcnative-1.jnilib failed, dlopen(/usr/lib/java/liblibtcnative-1.jnilib, 0x0001): tried: '/usr/lib/java/liblibtcnative-1.jnilib' (no such file)
Event: 1.208 Loading shared library /Users/svetyartseva/Desktop/uni/3kurs/РБПО/online_courses/liblibtcnative-1.dylib failed, dlopen(/Users/svetyartseva/Desktop/uni/3kurs/РБПО/online_courses/liblibtcnative-1.dylib, 0x0001): tried: '/Users/svetyartseva/Desktop/u
Event: 1.208 Loading shared library /Users/svetyartseva/Desktop/uni/3kurs/РБПО/online_courses/liblibtcnative-1.jnilib failed, dlopen(/Users/svetyartseva/Desktop/uni/3kurs/РБПО/online_courses/liblibtcnative-1.jnilib, 0x0001): tried: '/Users/svetyartseva/Desktop
Event: 1.686 Loaded shared library /Users/svetyartseva/Library/Java/JavaVirtualMachines/openjdk-21/Contents/Home/lib/libverify.dylib
Event: 1.823 Loaded shared library /Users/svetyartseva/Library/Java/JavaVirtualMachines/openjdk-21/Contents/Home/lib/libextnet.dylib

Deoptimization events (20 events):
Event: 61.835 Thread 0x00000001273a5200 DEOPT PACKING pc=0x000000010fb2e11c sp=0x0000000280825830
Event: 61.835 Thread 0x00000001273a5200 DEOPT UNPACKING pc=0x00000001163fee7c sp=0x00000002808254e0 mode 0
Event: 61.835 Thread 0x00000001273a5200 DEOPT PACKING pc=0x000000010fb2e11c sp=0x0000000280825830
Event: 61.835 Thread 0x00000001273a5200 DEOPT UNPACKING pc=0x00000001163fee7c sp=0x00000002808254e0 mode 0
Event: 61.835 Thread 0x00000001273a5200 DEOPT PACKING pc=0x000000010fb2e11c sp=0x0000000280825830
Event: 61.835 Thread 0x00000001273a5200 DEOPT UNPACKING pc=0x00000001163fee7c sp=0x00000002808254e0 mode 0
Event: 61.835 Thread 0x00000001273a5200 DEOPT PACKING pc=0x000000010fb2e11c sp=0x0000000280825830
Event: 61.835 Thread 0x00000001273a5200 DEOPT UNPACKING pc=0x00000001163fee7c sp=0x00000002808254e0 mode 0
Event: 61.836 Thread 0x00000001273a5200 DEOPT PACKING pc=0x000000010fb2e11c sp=0x0000000280825830
Event: 61.836 Thread 0x00000001273a5200 DEOPT UNPACKING pc=0x00000001163fee7c sp=0x00000002808254e0 mode 0
Event: 61.836 Thread 0x00000001273a5200 DEOPT PACKING pc=0x000000010fb2e11c sp=0x0000000280825830
Event: 61.836 Thread 0x00000001273a5200 DEOPT UNPACKING pc=0x00000001163fee7c sp=0x00000002808254e0 mode 0
Event: 61.836 Thread 0x00000001273a5200 DEOPT PACKING pc=0x000000010fb2e11c sp=0x0000000280825830
Event: 61.836 Thread 0x00000001273a5200 DEOPT UNPACKING pc=0x00000001163fee7c sp=0x00000002808254e0 mode 0
Event: 61.837 Thread 0x00000001273a5200 DEOPT PACKING pc=0x000000010fb2e11c sp=0x0000000280825830
Event: 61.837 Thread 0x00000001273a5200 DEOPT UNPACKING pc=0x00000001163fee7c sp=0x00000002808254e0 mode 0
Event: 61.837 Thread 0x00000001273a5200 DEOPT PACKING pc=0x000000010fb2e11c sp=0x0000000280825830
Event: 61.837 Thread 0x00000001273a5200 DEOPT UNPACKING pc=0x00000001163fee7c sp=0x00000002808254e0 mode 0
Event: 134.593 Thread 0x00000001273e6400 DEOPT PACKING pc=0x000000010f87c8b8 sp=0x000000028146f120
Event: 134.593 Thread 0x00000001273e6400 DEOPT UNPACKING pc=0x00000001163fee7c sp=0x000000028146ede0 mode 0

Classes loaded (20 events):
Event: 17.149 Loading class sun/nio/cs/ThreadLocalCoders$1
Event: 17.149 Loading class sun/nio/cs/ThreadLocalCoders$Cache
Event: 17.149 Loading class sun/nio/cs/ThreadLocalCoders$Cache done
Event: 17.149 Loading class sun/nio/cs/ThreadLocalCoders$1 done
Event: 17.149 Loading class sun/nio/cs/ThreadLocalCoders$2
Event: 17.149 Loading class sun/nio/cs/ThreadLocalCoders$2 done
Event: 56.733 Loading class java/util/Base64$Decoder
Event: 56.733 Loading class java/util/Base64$Decoder done
Event: 56.744 Loading class java/util/ArrayList$SubList$2
Event: 56.744 Loading class java/util/ArrayList$SubList$2 done
Event: 61.701 Loading class java/util/EnumMap$EntryIterator$Entry
Event: 61.701 Loading class java/util/EnumMap$EntryIterator$Entry done
Event: 61.737 Loading class java/io/PrintWriter$1
Event: 61.737 Loading class jdk/internal/access/JavaIOPrintWriterAccess
Event: 61.737 Loading class jdk/internal/access/JavaIOPrintWriterAccess done
Event: 61.737 Loading class java/io/PrintWriter$1 done
Event: 61.787 Loading class java/util/concurrent/locks/AbstractQueuedSynchronizer$SharedNode
Event: 61.787 Loading class java/util/concurrent/locks/AbstractQueuedSynchronizer$SharedNode done
Event: 69.461 Loading class java/io/DataOutputStream
Event: 69.461 Loading class java/io/DataOutputStream done

Classes unloaded (0 events):
No events

Classes redefined (0 events):
No events

Internal exceptions (20 events):
Event: 2.599 Thread 0x000000012581e000 Exception <a 'java/lang/IncompatibleClassChangeError'{0x00000007822ef408}: Found class java.lang.Object, but interface was expected> (0x00000007822ef408) 
thrown [open/src/hotspot/share/interpreter/linkResolver.cpp, line 840]
Event: 2.672 Thread 0x000000012581e000 Exception <a 'java/lang/IncompatibleClassChangeError'{0x0000000784083cc8}: Found class java.lang.Object, but interface was expected> (0x0000000784083cc8) 
thrown [open/src/hotspot/share/interpreter/linkResolver.cpp, line 840]
Event: 2.710 Thread 0x000000012581e000 Exception <a 'java/lang/NoSuchMethodError'{0x000000078396b710}: 'java.lang.Object java.lang.invoke.DirectMethodHandle$Holder.newInvokeSpecial(java.lang.Object, java.lang.Object, int)'> (0x000000078396b710) 
thrown [open/src/hotspot/share/interpreter/linkResolver.cpp, line 773]
Event: 2.711 Thread 0x000000012581e000 Exception <a 'java/lang/NoSuchMethodError'{0x000000078398b2b8}: 'java.lang.Object java.lang.invoke.Invokers$Holder.invoke_MT(java.lang.Object, java.lang.Object, java.lang.Object, java.lang.Object, java.lang.Object, java.lang.Object, java.lang.Object, java.lang.Object, java.lang.Object)'> (0x000000078398b2b8) 
thrown [open/src/hotspot/share/interpreter/linkResolver.cpp, line 773]
Event: 2.712 Thread 0x000000012581e000 Exception <a 'java/lang/IncompatibleClassChangeError'{0x00000007839b1b00}: Found class java.lang.Object, but interface was expected> (0x00000007839b1b00) 
thrown [open/src/hotspot/share/interpreter/linkResolver.cpp, line 840]
Event: 3.236 Thread 0x000000012581e000 Exception <a 'java/lang/NoSuchMethodError'{0x0000000781d92c28}: 'int java.lang.invoke.DirectMethodHandle$Holder.invokeStatic(java.lang.Object)'> (0x0000000781d92c28) 
thrown [open/src/hotspot/share/interpreter/linkResolver.cpp, line 773]
Event: 3.353 Thread 0x000000012581e000 Exception <a 'java/lang/NoSuchMethodError'{0x0000000783b73c60}: 'java.lang.Object java.lang.invoke.DirectMethodHandle$Holder.newInvokeSpecial(java.lang.Object, java.lang.Object, java.lang.Object, java.lang.Object, java.lang.Object, java.lang.Object, java.lang.Object, java.lang.Object)'> (0x0000000783b73c60) 
thrown [open/src/hotspot/share/interpreter/linkResolver.cpp, line 773]
Event: 3.422 Thread 0x000000012581e000 Implicit null exception at 0x0000000116a538f4 to 0x0000000116a539d0
Event: 3.597 Thread 0x000000012581e000 Exception <a 'java/lang/IncompatibleClassChangeError'{0x0000000782da0bc0}: Found class java.lang.Object, but interface was expected> (0x0000000782da0bc0) 
thrown [open/src/hotspot/share/interpreter/linkResolver.cpp, line 840]
Event: 3.711 Thread 0x000000012581e000 Exception <a 'java/lang/NoSuchMethodError'{0x00000007828568b0}: 'void java.lang.invoke.DirectMethodHandle$Holder.invokeVirtual(java.lang.Object, java.lang.Object, long)'> (0x00000007828568b0) 
thrown [open/src/hotspot/share/interpreter/linkResolver.cpp, line 773]
Event: 3.760 Thread 0x000000012581e000 Exception <a 'java/lang/NoSuchMethodError'{0x00000007825adbf0}: 'int java.lang.invoke.DirectMethodHandle$Holder.invokeStaticInit(java.lang.Object, java.lang.Object, java.lang.Object, java.lang.Object)'> (0x00000007825adbf0) 
thrown [open/src/hotspot/share/interpreter/linkResolver.cpp, line 773]
Event: 3.809 Thread 0x000000012581e000 Implicit null exception at 0x0000000116a72074 to 0x0000000116a7231c
Event: 3.868 Thread 0x000000012581e000 Exception <a 'java/lang/NoSuchMethodError'{0x0000000783cb14a0}: 'java.lang.Object java.lang.invoke.DirectMethodHandle$Holder.newInvokeSpecial(java.lang.Object, java.lang.Object, int, java.lang.Object, java.lang.Object)'> (0x0000000783cb14a0) 
thrown [open/src/hotspot/share/interpreter/linkResolver.cpp, line 773]
Event: 3.869 Thread 0x000000012581e000 Exception <a 'java/lang/NoSuchMethodError'{0x0000000783cbc3a0}: 'java.lang.Object java.lang.invoke.DirectMethodHandle$Holder.invokeSpecial(java.lang.Object, java.lang.Object, int, java.lang.Object, int, java.lang.Object)'> (0x0000000783cbc3a0) 
thrown [open/src/hotspot/share/interpreter/linkResolver.cpp, line 773]
Event: 3.871 Thread 0x000000012581e000 Exception <a 'java/lang/NoSuchMethodError'{0x0000000783cc3770}: 'java.lang.Object java.lang.invoke.DirectMethodHandle$Holder.newInvokeSpecial(java.lang.Object, java.lang.Object, int, java.lang.Object, int)'> (0x0000000783cc3770) 
thrown [open/src/hotspot/share/interpreter/linkResolver.cpp, line 773]
Event: 3.871 Thread 0x000000012581e000 Exception <a 'java/lang/NoSuchMethodError'{0x0000000783cc75e0}: 'java.lang.Object java.lang.invoke.DirectMethodHandle$Holder.invokeSpecial(java.lang.Object, java.lang.Object, java.lang.Object, int, java.lang.Object, int)'> (0x0000000783cc75e0) 
thrown [open/src/hotspot/share/interpreter/linkResolver.cpp, line 773]
Event: 17.143 Thread 0x00000001273a5200 Exception <a 'java/lang/NoSuchMethodError'{0x00000007834e8940}: 'java.lang.Object java.lang.invoke.DirectMethodHandle$Holder.invokeSpecial(java.lang.Object, java.lang.Object, java.lang.Object, java.lang.Object, java.lang.Object, long)'> (0x00000007834e8940) 
thrown [open/src/hotspot/share/interpreter/linkResolver.cpp, line 773]
Event: 17.144 Thread 0x00000001273a5200 Exception <a 'java/lang/NoSuchMethodError'{0x00000007834ec100}: 'java.lang.Object java.lang.invoke.Invokers$Holder.linkToTargetMethod(java.lang.Object, java.lang.Object, java.lang.Object, long, java.lang.Object)'> (0x00000007834ec100) 
thrown [open/src/hotspot/share/interpreter/linkResolver.cpp, line 773]
Event: 56.743 Thread 0x00000001271d8400 Exception <a 'java/lang/NoSuchMethodError'{0x00000007830ca018}: 'java.lang.Object java.lang.invoke.DirectMethodHandle$Holder.invokeStatic(java.lang.Object, int, int)'> (0x00000007830ca018) 
thrown [open/src/hotspot/share/interpreter/linkResolver.cpp, line 773]
Event: 61.857 Thread 0x00000001273a5200 Exception <a 'java/io/IOException'{0x00000007fffda818}> (0x00000007fffda818) 
thrown [open/src/hotspot/share/prims/jni.cpp, line 520]

ZGC Phase Switch (0 events):
No events

VM Operations (20 events):
Event: 143.668 Executing VM operation: get/set locals
Event: 143.668 Executing VM operation: get/set locals done
Event: 143.715 Executing VM operation: get/set locals
Event: 143.715 Executing VM operation: get/set locals done
Event: 143.715 Executing VM operation: get/set locals
Event: 143.715 Executing VM operation: get/set locals done
Event: 143.715 Executing VM operation: get/set locals
Event: 143.715 Executing VM operation: get/set locals done
Event: 143.715 Executing VM operation: get/set locals
Event: 143.715 Executing VM operation: get/set locals done
Event: 143.715 Executing VM operation: get/set locals
Event: 143.715 Executing VM operation: get/set locals done
Event: 143.716 Executing VM operation: get/set locals
Event: 143.716 Executing VM operation: get/set locals done
Event: 143.716 Executing VM operation: get/set locals
Event: 143.716 Executing VM operation: get/set locals done
Event: 143.716 Executing VM operation: get/set locals
Event: 143.716 Executing VM operation: get/set locals done
Event: 143.716 Executing VM operation: get/set locals
Event: 143.716 Executing VM operation: get/set locals done

Events (20 events):
Event: 3.882 Protecting memory [0x0000000281688000,0x0000000281694000] with protection modes 0
Event: 3.882 Thread 0x00000001273e6c00 Thread added: 0x00000001273e6c00
Event: 3.882 Protecting memory [0x0000000281894000,0x00000002818a0000] with protection modes 0
Event: 3.882 Thread 0x00000001271d3000 Thread added: 0x00000001271d3000
Event: 3.882 Protecting memory [0x0000000281aa0000,0x0000000281aac000] with protection modes 0
Event: 3.886 Thread 0x00000001271d3800 Thread added: 0x00000001271d3800
Event: 3.886 Protecting memory [0x0000000281cac000,0x0000000281cb8000] with protection modes 0
Event: 3.887 Thread 0x00000001274bd600 Thread added: 0x00000001274bd600
Event: 3.888 Protecting memory [0x0000000281eb8000,0x0000000281ec4000] with protection modes 0
Event: 3.906 Protecting memory [0x000000016e4f0000,0x000000016e4fc000] with protection modes 3
Event: 3.906 Thread 0x000000012581e000 Thread exited: 0x000000012581e000
Event: 3.910 Protecting memory [0x000000016e2e4000,0x000000016e2f0000] with protection modes 3
Event: 3.910 Thread 0x000000012598d000 Thread exited: 0x000000012598d000
Event: 3.910 Protecting memory [0x000000016b8dc000,0x000000016b8e8000] with protection modes 3
Event: 3.910 Thread 0x0000000127018800 Thread exited: 0x0000000127018800
Event: 3.910 Protecting memory [0x000000016b8dc000,0x000000016b8e8000] with protection modes 0
Event: 3.910 Thread 0x0000000127018800 Thread added: 0x0000000127018800
Event: 7.317 Protecting memory [0x0000000280210000,0x000000028021c000] with protection modes 3
Event: 7.317 Thread 0x00000001270ba600 Thread exited: 0x00000001270ba600
Event: 216.203 Protecting memory [0x000000016dcc0000,0x000000016dccc000] with protection modes 3


Dynamic libraries:
0x00000001046ec000 	/Users/svetyartseva/Library/Java/JavaVirtualMachines/openjdk-21/Contents/Home/lib/libjli.dylib
0x00000001a8f46000 	/System/Library/Frameworks/Cocoa.framework/Versions/A/Cocoa
0x0000000195160000 	/System/Library/Frameworks/AppKit.framework/Versions/C/AppKit
0x0000000198673000 	/System/Library/Frameworks/CoreData.framework/Versions/A/CoreData
0x00000001934bb000 	/System/Library/Frameworks/Foundation.framework/Versions/C/Foundation
0x000000019d0cd000 	/usr/lib/libSystem.B.dylib
0x0000000196018000 	/System/Library/PrivateFrameworks/UIFoundation.framework/Versions/A/UIFoundation
0x00000001a311a000 	/System/Library/PrivateFrameworks/RemoteViewServices.framework/Versions/A/RemoteViewServices
0x000000019b58d000 	/System/Library/PrivateFrameworks/XCTTargetBootstrap.framework/Versions/A/XCTTargetBootstrap
0x000000019ee0d000 	/System/Library/PrivateFrameworks/InternationalSupport.framework/Versions/A/InternationalSupport
0x000000019ee96000 	/System/Library/PrivateFrameworks/UserActivity.framework/Versions/A/UserActivity
0x000000019e304000 	/usr/lib/libspindump.dylib
0x0000000196289000 	/System/Library/Frameworks/UniformTypeIdentifiers.framework/Versions/A/UniformTypeIdentifiers
0x0000000199ad7000 	/usr/lib/libapp_launch_measurement.dylib
0x0000000198ffe000 	/System/Library/PrivateFrameworks/CoreAnalytics.framework/Versions/A/CoreAnalytics
0x0000000199ada000 	/System/Library/PrivateFrameworks/CoreAutoLayout.framework/Versions/A/CoreAutoLayout
0x000000019ae7e000 	/System/Library/Frameworks/Metal.framework/Versions/A/Metal
0x000000019bbf5000 	/usr/lib/liblangid.dylib
0x000000019b592000 	/System/Library/PrivateFrameworks/CoreSVG.framework/Versions/A/CoreSVG
0x0000000197720000 	/System/Library/PrivateFrameworks/SkyLight.framework/Versions/A/SkyLight
0x0000000197af9000 	/System/Library/Frameworks/CoreGraphics.framework/Versions/A/CoreGraphics
0x00000001a37e6000 	/System/Library/Frameworks/Accelerate.framework/Versions/A/Accelerate
0x000000019dd7b000 	/System/Library/PrivateFrameworks/IconServices.framework/Versions/A/IconServices
0x000000019ae60000 	/System/Library/Frameworks/IOSurface.framework/Versions/A/IOSurface
0x000000019902f000 	/usr/lib/libDiagnosticMessagesClient.dylib
0x000000019d016000 	/usr/lib/libz.1.dylib
0x00000001a6ce7000 	/System/Library/Frameworks/ApplicationServices.framework/Versions/A/ApplicationServices
0x000000019b575000 	/System/Library/PrivateFrameworks/DFRFoundation.framework/Versions/A/DFRFoundation
0x00000001949f0000 	/usr/lib/libicucore.A.dylib
0x000000019fcba000 	/System/Library/Frameworks/AudioToolbox.framework/Versions/A/AudioToolbox
0x000000019ee19000 	/System/Library/PrivateFrameworks/DataDetectorsCore.framework/Versions/A/DataDetectorsCore
0x00000001b5813000 	/System/Library/PrivateFrameworks/TextInput.framework/Versions/A/TextInput
0x0000000197695000 	/usr/lib/libMobileGestalt.dylib
0x000000019b241000 	/System/Library/Frameworks/Carbon.framework/Versions/A/Frameworks/HIToolbox.framework/Versions/A/HIToolbox
0x00000001994af000 	/System/Library/Frameworks/QuartzCore.framework/Versions/A/QuartzCore
0x0000000194671000 	/System/Library/Frameworks/Security.framework/Versions/A/Security
0x00000001a315a000 	/System/Library/Frameworks/Carbon.framework/Versions/A/Frameworks/SpeechRecognition.framework/Versions/A/SpeechRecognition
0x000000019982d000 	/System/Library/PrivateFrameworks/CoreUI.framework/Versions/A/CoreUI
0x0000000193f4d000 	/System/Library/Frameworks/CoreAudio.framework/Versions/A/CoreAudio
0x0000000199123000 	/System/Library/Frameworks/DiskArbitration.framework/Versions/A/DiskArbitration
0x000000019e70e000 	/System/Library/PrivateFrameworks/MultitouchSupport.framework/Versions/A/MultitouchSupport
0x0000000197693000 	/usr/lib/libenergytrace.dylib
0x0000000195028000 	/System/Library/Frameworks/IOKit.framework/Versions/A/IOKit
0x00000001a3549000 	/System/Library/Frameworks/CoreServices.framework/Versions/A/CoreServices
0x0000000199a67000 	/System/Library/PrivateFrameworks/PerformanceAnalysis.framework/Versions/A/PerformanceAnalysis
0x00000001f3c4b000 	/System/Library/Frameworks/OpenGL.framework/Versions/A/OpenGL
0x000000019c668000 	/System/Library/PrivateFrameworks/MobileKeyBag.framework/Versions/A/MobileKeyBag
0x00000001923ef000 	/usr/lib/libobjc.A.dylib
0x0000000198107000 	/System/Library/Frameworks/ColorSync.framework/Versions/A/ColorSync
0x00000001925b8000 	/System/Library/Frameworks/CoreFoundation.framework/Versions/A/CoreFoundation
0x000000019b811000 	/System/Library/Frameworks/CoreImage.framework/Versions/A/CoreImage
0x0000000193d71000 	/System/Library/Frameworks/CoreText.framework/Versions/A/CoreText
0x000000019b5c2000 	/System/Library/Frameworks/ImageIO.framework/Versions/A/ImageIO
0x000000019d0d3000 	/System/Library/PrivateFrameworks/SoftLinking.framework/Versions/A/SoftLinking
0x0000000199b25000 	/usr/lib/libxml2.2.dylib
0x00000001924b2000 	/usr/lib/libc++.1.dylib
0x000000019d36c000 	/usr/lib/libcompression.dylib
0x000000019ed69000 	/System/Library/PrivateFrameworks/TextureIO.framework/Versions/A/TextureIO
0x000000019da94000 	/usr/lib/libate.dylib
0x000000019d0c7000 	/usr/lib/system/libcache.dylib
0x000000019d085000 	/usr/lib/system/libcommonCrypto.dylib
0x000000019d0ae000 	/usr/lib/system/libcompiler_rt.dylib
0x000000019d0a5000 	/usr/lib/system/libcopyfile.dylib
0x00000001922f3000 	/usr/lib/system/libcorecrypto.dylib
0x00000001923a8000 	/usr/lib/system/libdispatch.dylib
0x0000000192576000 	/usr/lib/system/libdyld.dylib
0x000000019d0bd000 	/usr/lib/system/libkeymgr.dylib
0x000000019d060000 	/usr/lib/system/libmacho.dylib
0x000000019c750000 	/usr/lib/system/libquarantine.dylib
0x000000019d0ba000 	/usr/lib/system/libremovefile.dylib
0x00000001976ec000 	/usr/lib/system/libsystem_asl.dylib
0x0000000192295000 	/usr/lib/system/libsystem_blocks.dylib
0x0000000192430000 	/usr/lib/system/libsystem_c.dylib
0x000000019d0b2000 	/usr/lib/system/libsystem_collections.dylib
0x000000019bbe5000 	/usr/lib/system/libsystem_configuration.dylib
0x000000019ae41000 	/usr/lib/system/libsystem_containermanager.dylib
0x000000019cdbd000 	/usr/lib/system/libsystem_coreservices.dylib
0x0000000194ca6000 	/usr/lib/system/libsystem_darwin.dylib
0x000000019d0be000 	/usr/lib/system/libsystem_dnssd.dylib
0x000000019242d000 	/usr/lib/system/libsystem_featureflags.dylib
0x000000019258b000 	/usr/lib/system/libsystem_info.dylib
0x000000019d028000 	/usr/lib/system/libsystem_m.dylib
0x000000019237d000 	/usr/lib/system/libsystem_malloc.dylib
0x000000019767a000 	/usr/lib/system/libsystem_networkextension.dylib
0x00000001950ff000 	/usr/lib/system/libsystem_notify.dylib
0x00000001a3420000 	/usr/lib/system/libsystem_product_info_filter.dylib
0x000000019bbea000 	/usr/lib/system/libsystem_sandbox.dylib
0x000000019d0b7000 	/usr/lib/system/libsystem_secinit.dylib
0x0000000192531000 	/usr/lib/system/libsystem_kernel.dylib
0x0000000192583000 	/usr/lib/system/libsystem_platform.dylib
0x0000000192569000 	/usr/lib/system/libsystem_pthread.dylib
0x0000000198e4c000 	/usr/lib/system/libsystem_symptoms.dylib
0x00000001922d9000 	/usr/lib/system/libsystem_trace.dylib
0x000000019d092000 	/usr/lib/system/libunwind.dylib
0x0000000192297000 	/usr/lib/system/libxpc.dylib
0x0000000192519000 	/usr/lib/libc++abi.dylib
0x000000019d09d000 	/usr/lib/liboah.dylib
0x000000019d959000 	/usr/lib/liblzma.5.dylib
0x00000001931ae000 	/System/Library/Frameworks/SystemConfiguration.framework/Versions/A/SystemConfiguration
0x000000019d0cf000 	/usr/lib/libfakelink.dylib
0x00000001971c5000 	/System/Library/Frameworks/CFNetwork.framework/Versions/A/CFNetwork
0x000000019d215000 	/usr/lib/libarchive.2.dylib
0x000000019bbf1000 	/System/Library/PrivateFrameworks/AppleSystemInfo.framework/Versions/A/AppleSystemInfo
0x000000019c77b000 	/usr/lib/libbsm.0.dylib
0x0000000196732000 	/usr/lib/libnetwork.dylib
0x000000019d069000 	/usr/lib/system/libkxld.dylib
0x000000019c395000 	/System/Library/PrivateFrameworks/IOMobileFramebuffer.framework/Versions/A/IOMobileFramebuffer
0x0000000211914000 	/usr/lib/libCoreEntitlements.dylib
0x000000019cd9f000 	/System/Library/PrivateFrameworks/AppleFSCompression.framework/Versions/A/AppleFSCompression
0x000000019c763000 	/usr/lib/libcoretls.dylib
0x000000019d972000 	/usr/lib/libcoretls_cfhelpers.dylib
0x000000019d367000 	/usr/lib/libpam.2.dylib
0x0000000198a63000 	/usr/lib/libsqlite3.dylib
0x000000019d9db000 	/usr/lib/libxar.1.dylib
0x000000019cdb0000 	/usr/lib/libbz2.1.0.dylib
0x000000019d0d4000 	/usr/lib/libpcap.A.dylib
0x0000000198e43000 	/usr/lib/libdns_services.dylib
0x000000019d33a000 	/usr/lib/libapple_nghttp2.dylib
0x000000019d111000 	/usr/lib/libiconv.2.dylib
0x000000019d05f000 	/usr/lib/libcharset.1.dylib
0x0000000199aa3000 	/System/Library/Frameworks/CoreServices.framework/Versions/A/Frameworks/FSEvents.framework/Versions/A/FSEvents
0x0000000194cb1000 	/System/Library/Frameworks/CoreServices.framework/Versions/A/Frameworks/CarbonCore.framework/Versions/A/CarbonCore
0x0000000199083000 	/System/Library/Frameworks/CoreServices.framework/Versions/A/Frameworks/Metadata.framework/Versions/A/Metadata
0x000000019cdc3000 	/System/Library/Frameworks/CoreServices.framework/Versions/A/Frameworks/OSServices.framework/Versions/A/OSServices
0x000000019d29b000 	/System/Library/Frameworks/CoreServices.framework/Versions/A/Frameworks/SearchKit.framework/Versions/A/SearchKit
0x0000000198dd2000 	/System/Library/Frameworks/CoreServices.framework/Versions/A/Frameworks/AE.framework/Versions/A/AE
0x0000000192aff000 	/System/Library/Frameworks/CoreServices.framework/Versions/A/Frameworks/LaunchServices.framework/Versions/A/LaunchServices
0x000000019d902000 	/System/Library/Frameworks/CoreServices.framework/Versions/A/Frameworks/DictionaryServices.framework/Versions/A/DictionaryServices
0x0000000199ab0000 	/System/Library/Frameworks/CoreServices.framework/Versions/A/Frameworks/SharedFileList.framework/Versions/A/SharedFileList
0x000000019c753000 	/usr/lib/libCheckFix.dylib
0x0000000197704000 	/System/Library/PrivateFrameworks/TCC.framework/Versions/A/TCC
0x000000019bbf7000 	/System/Library/PrivateFrameworks/CoreNLP.framework/Versions/A/CoreNLP
0x0000000199032000 	/System/Library/PrivateFrameworks/MetadataUtilities.framework/Versions/A/MetadataUtilities
0x0000000193268000 	/usr/lib/libmecabra.dylib
0x000000019c78c000 	/usr/lib/libmecab.dylib
0x0000000193234000 	/usr/lib/libCRFSuite.dylib
0x000000019c7e9000 	/usr/lib/libgermantok.dylib
0x000000019d313000 	/usr/lib/libThaiTokenizer.dylib
0x000000019912b000 	/System/Library/Frameworks/Accelerate.framework/Versions/A/Frameworks/vImage.framework/Versions/A/vImage
0x00000001a3520000 	/System/Library/Frameworks/Accelerate.framework/Versions/A/Frameworks/vecLib.framework/Versions/A/vecLib
0x000000019da20000 	/System/Library/Frameworks/Accelerate.framework/Versions/A/Frameworks/vecLib.framework/Versions/A/libvMisc.dylib
0x000000019c29c000 	/System/Library/Frameworks/Accelerate.framework/Versions/A/Frameworks/vecLib.framework/Versions/A/libvDSP.dylib
0x0000000192e89000 	/System/Library/Frameworks/Accelerate.framework/Versions/A/Frameworks/vecLib.framework/Versions/A/libBLAS.dylib
0x000000019d43d000 	/System/Library/Frameworks/Accelerate.framework/Versions/A/Frameworks/vecLib.framework/Versions/A/libLAPACK.dylib
0x000000019c7ec000 	/System/Library/Frameworks/Accelerate.framework/Versions/A/Frameworks/vecLib.framework/Versions/A/libLinearAlgebra.dylib
0x000000019d352000 	/System/Library/Frameworks/Accelerate.framework/Versions/A/Frameworks/vecLib.framework/Versions/A/libSparseBLAS.dylib
0x000000019d438000 	/System/Library/Frameworks/Accelerate.framework/Versions/A/Frameworks/vecLib.framework/Versions/A/libQuadrature.dylib
0x000000019bcf0000 	/System/Library/Frameworks/Accelerate.framework/Versions/A/Frameworks/vecLib.framework/Versions/A/libBNNS.dylib
0x0000000193147000 	/System/Library/Frameworks/Accelerate.framework/Versions/A/Frameworks/vecLib.framework/Versions/A/libSparse.dylib
0x000000019bce8000 	/System/Library/PrivateFrameworks/LinguisticData.framework/Versions/A/LinguisticData
0x00000001930ff000 	/System/Library/PrivateFrameworks/Lexicon.framework/Versions/A/Lexicon
0x000000019da18000 	/usr/lib/libChineseTokenizer.dylib
0x00000001938ad000 	/System/Library/PrivateFrameworks/LanguageModeling.framework/Versions/A/LanguageModeling
0x000000019d315000 	/System/Library/PrivateFrameworks/AppleSauce.framework/Versions/A/AppleSauce
0x000000019c382000 	/System/Library/PrivateFrameworks/CoreEmoji.framework/Versions/A/CoreEmoji
0x000000019d203000 	/usr/lib/libcmph.dylib
0x0000000199a83000 	/System/Library/Frameworks/OpenDirectory.framework/Versions/A/Frameworks/CFOpenDirectory.framework/Versions/A/CFOpenDirectory
0x0000000199a73000 	/System/Library/Frameworks/OpenDirectory.framework/Versions/A/OpenDirectory
0x000000019d974000 	/System/Library/PrivateFrameworks/APFS.framework/Versions/A/APFS
0x000000019c6a3000 	/System/Library/Frameworks/SecurityFoundation.framework/Versions/A/SecurityFoundation
0x000000019d9ea000 	/usr/lib/libutil.dylib
0x0000000194fea000 	/System/Library/PrivateFrameworks/CoreServicesStore.framework/Versions/A/CoreServicesStore
0x000000019d9ee000 	/usr/lib/libxslt.1.dylib
0x000000019c737000 	/System/Library/PrivateFrameworks/BackgroundTaskManagement.framework/Versions/A/BackgroundTaskManagement
0x000000019ec8a000 	/System/Library/Frameworks/ImageIO.framework/Versions/A/Resources/libRadiance.dylib
0x000000019ec93000 	/System/Library/Frameworks/ImageIO.framework/Versions/A/Resources/libJPEG.dylib
0x000000019ebe6000 	/System/Library/Frameworks/ImageIO.framework/Versions/A/Resources/libPng.dylib
0x000000019ec08000 	/System/Library/Frameworks/ImageIO.framework/Versions/A/Resources/libTIFF.dylib
0x000000019ecee000 	/System/Library/Frameworks/ImageIO.framework/Versions/A/Resources/libGIF.dylib
0x000000019e61e000 	/System/Library/Frameworks/ImageIO.framework/Versions/A/Resources/libJP2.dylib
0x000000019dd40000 	/usr/lib/libexpat.1.dylib
0x000000019e5d9000 	/System/Library/PrivateFrameworks/AppleJPEG.framework/Versions/A/AppleJPEG
0x000000019b0fd000 	/System/Library/PrivateFrameworks/FontServices.framework/libFontParser.dylib
0x0000000198d77000 	/System/Library/PrivateFrameworks/RunningBoardServices.framework/Versions/A/RunningBoardServices
0x00000001a961c000 	/System/Library/PrivateFrameworks/IOSurfaceAccelerator.framework/Versions/A/IOSurfaceAccelerator
0x000000019e70a000 	/System/Library/PrivateFrameworks/WatchdogClient.framework/Versions/A/WatchdogClient
0x00000001939ad000 	/System/Library/Frameworks/CoreDisplay.framework/Versions/A/CoreDisplay
0x000000019afe7000 	/System/Library/Frameworks/CoreMedia.framework/Versions/A/CoreMedia
0x000000019ae74000 	/System/Library/PrivateFrameworks/IOAccelerator.framework/Versions/A/IOAccelerator
0x0000000199c13000 	/System/Library/Frameworks/CoreVideo.framework/Versions/A/CoreVideo
0x000000019d365000 	/System/Library/Frameworks/MetalPerformanceShaders.framework/Versions/A/MetalPerformanceShaders
0x000000019e749000 	/System/Library/Frameworks/VideoToolbox.framework/Versions/A/VideoToolbox
0x0000000198cbb000 	/System/Library/PrivateFrameworks/BaseBoard.framework/Versions/A/BaseBoard
0x0000000198a49000 	/System/Library/PrivateFrameworks/ProtocolBuffer.framework/Versions/A/ProtocolBuffer
0x000000019ec85000 	/System/Library/PrivateFrameworks/GPUWrangler.framework/Versions/A/GPUWrangler
0x000000019ec65000 	/System/Library/PrivateFrameworks/IOPresentment.framework/Versions/A/IOPresentment
0x000000019ec8d000 	/System/Library/PrivateFrameworks/DSExternalDisplay.framework/Versions/A/DSExternalDisplay
0x00000001f3c3e000 	/System/Library/Frameworks/OpenGL.framework/Versions/A/Libraries/libCoreFSCache.dylib
0x00000001fe404000 	/System/Library/PrivateFrameworks/GPUCompiler.framework/Versions/31001/Libraries/libGPUCompilerUtils.dylib
0x000000019ecf3000 	/System/Library/PrivateFrameworks/CMCaptureCore.framework/Versions/A/CMCaptureCore
0x000000019e2f1000 	/System/Library/PrivateFrameworks/AppServerSupport.framework/Versions/A/AppServerSupport
0x00000001a0577000 	/System/Library/PrivateFrameworks/perfdata.framework/Versions/A/perfdata
0x0000000193acd000 	/System/Library/PrivateFrameworks/AudioToolboxCore.framework/Versions/A/AudioToolboxCore
0x000000019afc0000 	/System/Library/PrivateFrameworks/caulk.framework/Versions/A/caulk
0x000000019fe6c000 	/usr/lib/libAudioStatistics.dylib
0x00000001b1e6b000 	/System/Library/PrivateFrameworks/SystemPolicy.framework/Versions/A/SystemPolicy
0x00000001a00d8000 	/usr/lib/libSMC.dylib
0x00000001a8e24000 	/System/Library/Frameworks/CoreMIDI.framework/Versions/A/CoreMIDI
0x000000019ebb4000 	/usr/lib/libAudioToolboxUtility.dylib
0x00000001adfdb000 	/System/Library/PrivateFrameworks/OSAServicesClient.framework/Versions/A/OSAServicesClient
0x00000001a0584000 	/usr/lib/libperfcheck.dylib
0x00000001b2987000 	/usr/lib/libmis.dylib
0x00000001f3ca0000 	/System/Library/Frameworks/OpenGL.framework/Versions/A/Libraries/libGLU.dylib
0x00000001f3c5f000 	/System/Library/Frameworks/OpenGL.framework/Versions/A/Libraries/libGFXShared.dylib
0x00000001f3e4c000 	/System/Library/Frameworks/OpenGL.framework/Versions/A/Libraries/libGL.dylib
0x00000001f3c68000 	/System/Library/Frameworks/OpenGL.framework/Versions/A/Libraries/libGLImage.dylib
0x00000001f3c5c000 	/System/Library/Frameworks/OpenGL.framework/Versions/A/Libraries/libCVMSPluginSupport.dylib
0x00000001f3c45000 	/System/Library/Frameworks/OpenGL.framework/Versions/A/Libraries/libCoreVMClient.dylib
0x000000019bb71000 	/System/Library/Frameworks/MetalPerformanceShaders.framework/Versions/A/Frameworks/MPSCore.framework/Versions/A/MPSCore
0x000000019cd12000 	/System/Library/Frameworks/MetalPerformanceShaders.framework/Versions/A/Frameworks/MPSImage.framework/Versions/A/MPSImage
0x000000019c801000 	/System/Library/Frameworks/MetalPerformanceShaders.framework/Versions/A/Frameworks/MPSNeuralNetwork.framework/Versions/A/MPSNeuralNetwork
0x000000019cc3a000 	/System/Library/Frameworks/MetalPerformanceShaders.framework/Versions/A/Frameworks/MPSMatrix.framework/Versions/A/MPSMatrix
0x000000019ca13000 	/System/Library/Frameworks/MetalPerformanceShaders.framework/Versions/A/Frameworks/MPSRayIntersector.framework/Versions/A/MPSRayIntersector
0x000000019cc6b000 	/System/Library/Frameworks/MetalPerformanceShaders.framework/Versions/A/Frameworks/MPSNDArray.framework/Versions/A/MPSNDArray
0x00000001f6067000 	/System/Library/Frameworks/MetalPerformanceShaders.framework/Versions/A/Frameworks/MPSFunctions.framework/Versions/A/MPSFunctions
0x0000000192d60000 	/System/Library/PrivateFrameworks/MetalTools.framework/Versions/A/MetalTools
0x000000019bbef000 	/System/Library/PrivateFrameworks/AggregateDictionary.framework/Versions/A/AggregateDictionary
0x000000019db25000 	/usr/lib/libIOReport.dylib
0x00000001a7e41000 	/System/Library/PrivateFrameworks/ASEProcessing.framework/Versions/A/ASEProcessing
0x000000019de9a000 	/System/Library/PrivateFrameworks/FaceCore.framework/Versions/A/FaceCore
0x000000019de8c000 	/System/Library/PrivateFrameworks/GraphVisualizer.framework/Versions/A/GraphVisualizer
0x00000001fe31b000 	/System/Library/PrivateFrameworks/FontServices.framework/Versions/A/FontServices
0x000000019e2ad000 	/System/Library/PrivateFrameworks/OTSVG.framework/Versions/A/OTSVG
0x00000001997dd000 	/System/Library/Frameworks/ApplicationServices.framework/Versions/A/Frameworks/ATS.framework/Versions/A/Resources/libFontRegistry.dylib
0x000000019e2fa000 	/System/Library/PrivateFrameworks/FontServices.framework/libhvf.dylib
0x00000001fe31c000 	/System/Library/PrivateFrameworks/FontServices.framework/libXTFontStaticRegistryData.dylib
0x00000001f3fed000 	/System/Library/Frameworks/OpenCL.framework/Versions/A/OpenCL
0x000000019dcf4000 	/System/Library/PrivateFrameworks/AppleVA.framework/Versions/A/AppleVA
0x000000019fe94000 	/System/Library/Frameworks/ApplicationServices.framework/Versions/A/Frameworks/ATS.framework/Versions/A/ATS
0x0000000198206000 	/System/Library/Frameworks/ApplicationServices.framework/Versions/A/Frameworks/HIServices.framework/Versions/A/HIServices
0x000000019ecfd000 	/System/Library/Frameworks/ApplicationServices.framework/Versions/A/Frameworks/PrintCore.framework/Versions/A/PrintCore
0x00000001a022b000 	/System/Library/Frameworks/ApplicationServices.framework/Versions/A/Frameworks/QD.framework/Versions/A/QD
0x00000001a0223000 	/System/Library/Frameworks/ApplicationServices.framework/Versions/A/Frameworks/ColorSyncLegacy.framework/Versions/A/ColorSyncLegacy
0x000000019fe80000 	/System/Library/Frameworks/ApplicationServices.framework/Versions/A/Frameworks/SpeechSynthesis.framework/Versions/A/SpeechSynthesis
0x000000019ecbe000 	/System/Library/Frameworks/ApplicationServices.framework/Versions/A/Frameworks/ATSUI.framework/Versions/A/ATSUI
0x00000001a01b8000 	/usr/lib/libcups.2.dylib
0x00000001a0592000 	/System/Library/Frameworks/Kerberos.framework/Versions/A/Kerberos
0x00000001a05a3000 	/System/Library/Frameworks/GSS.framework/Versions/A/GSS
0x000000019ff04000 	/usr/lib/libresolv.9.dylib
0x000000019e309000 	/System/Library/PrivateFrameworks/Heimdal.framework/Versions/A/Heimdal
0x00000001a7077000 	/System/Library/Frameworks/Kerberos.framework/Versions/A/Libraries/libHeimdalProxy.dylib
0x0000000198e55000 	/System/Library/Frameworks/Network.framework/Versions/A/Network
0x000000019dd5b000 	/usr/lib/libheimdal-asn1.dylib
0x00000001a05f3000 	/System/Library/PrivateFrameworks/CommonAuth.framework/Versions/A/CommonAuth
0x000000019fdfa000 	/System/Library/PrivateFrameworks/AudioSession.framework/Versions/A/AudioSession
0x000000019dded000 	/System/Library/PrivateFrameworks/MediaExperience.framework/Versions/A/MediaExperience
0x000000019fc80000 	/System/Library/PrivateFrameworks/AudioSession.framework/libSessionUtility.dylib
0x00000001a0237000 	/System/Library/PrivateFrameworks/AudioResourceArbitration.framework/Versions/A/AudioResourceArbitration
0x00000001a43fd000 	/System/Library/PrivateFrameworks/PowerLog.framework/Versions/A/PowerLog
0x000000019dd65000 	/System/Library/PrivateFrameworks/IconFoundation.framework/Versions/A/IconFoundation
0x00000001a3146000 	/System/Library/PrivateFrameworks/SpeechRecognitionCore.framework/Versions/A/SpeechRecognitionCore
0x000000010475c000 	/System/Library/CoreServices/Encodings/libCyrillicConverter.dylib
0x0000000105a2c000 	/Users/svetyartseva/Library/Java/JavaVirtualMachines/openjdk-21/Contents/Home/lib/server/libjvm.dylib
0x000000010476c000 	/Users/svetyartseva/Library/Java/JavaVirtualMachines/openjdk-21/Contents/Home/lib/libjimage.dylib
0x00000001047c8000 	/Users/svetyartseva/Library/Java/JavaVirtualMachines/openjdk-21/Contents/Home/lib/libjdwp.dylib
0x0000000104810000 	/Users/svetyartseva/Library/Java/JavaVirtualMachines/openjdk-21/Contents/Home/lib/libjava.dylib
0x0000000105364000 	/Users/svetyartseva/Library/Java/JavaVirtualMachines/openjdk-21/Contents/Home/lib/libdt_socket.dylib
0x0000000105378000 	/Users/svetyartseva/Library/Java/JavaVirtualMachines/openjdk-21/Contents/Home/lib/libnio.dylib
0x0000000105398000 	/Users/svetyartseva/Library/Java/JavaVirtualMachines/openjdk-21/Contents/Home/lib/libnet.dylib
0x00000001053d8000 	/Users/svetyartseva/Library/Java/JavaVirtualMachines/openjdk-21/Contents/Home/lib/libzip.dylib
0x00000001053b0000 	/Users/svetyartseva/Library/Java/JavaVirtualMachines/openjdk-21/Contents/Home/lib/libmanagement.dylib
0x00000001053c4000 	/Users/svetyartseva/Library/Java/JavaVirtualMachines/openjdk-21/Contents/Home/lib/libmanagement_ext.dylib
0x0000000105a00000 	/Users/svetyartseva/Library/Java/JavaVirtualMachines/openjdk-21/Contents/Home/lib/libverify.dylib
0x0000000121e88000 	/Users/svetyartseva/Library/Java/JavaVirtualMachines/openjdk-21/Contents/Home/lib/libextnet.dylib


VM Arguments:
jvm_args: -agentlib:jdwp=transport=dt_socket,address=127.0.0.1:50613,suspend=y,server=n -Dfile.encoding=UTF-8 -Dsun.stdout.encoding=UTF-8 -Dsun.stderr.encoding=UTF-8 
java_command: com.example.online_courses.OnlineCoursesApplication
java_class_path (initial): /Users/svetyartseva/Desktop/uni/3kurs/РБПО/online_courses/target/classes:/Users/svetyartseva/.m2/repository/org/springframework/boot/spring-boot-starter-thymeleaf/3.1.4/spring-boot-starter-thymeleaf-3.1.4.jar:/Users/svetyartseva/.m2/repository/org/springframework/boot/spring-boot-starter/3.1.4/spring-boot-starter-3.1.4.jar:/Users/svetyartseva/.m2/repository/org/springframework/boot/spring-boot-starter-logging/3.1.4/spring-boot-starter-logging-3.1.4.jar:/Users/svetyartseva/.m2/repository/ch/qos/logback/logback-classic/1.4.11/logback-classic-1.4.11.jar:/Users/svetyartseva/.m2/repository/ch/qos/logback/logback-core/1.4.11/logback-core-1.4.11.jar:/Users/svetyartseva/.m2/repository/org/apache/logging/log4j/log4j-to-slf4j/2.20.0/log4j-to-slf4j-2.20.0.jar:/Users/svetyartseva/.m2/repository/org/apache/logging/log4j/log4j-api/2.20.0/log4j-api-2.20.0.jar:/Users/svetyartseva/.m2/repository/org/slf4j/jul-to-slf4j/2.0.9/jul-to-slf4j-2.0.9.jar:/Users/svetyartseva/.m2/repository/jakarta/annotation/jakarta.annotation-api/2.1.1/jakarta.annotation-api-2.1.1.jar:/Users/svetyartseva/.m2/repository/org/yaml/snakeyaml/1.33/snakeyaml-1.33.jar:/Users/svetyartseva/.m2/repository/org/thymeleaf/thymeleaf-spring6/3.1.2.RELEASE/thymeleaf-spring6-3.1.2.RELEASE.jar:/Users/svetyartseva/.m2/repository/org/springframework/boot/spring-boot-starter-web/3.1.4/spring-boot-starter-web-3.1.4.jar:/Users/svetyartseva/.m2/repository/org/springframework/boot/spring-boot-starter-json/3.1.4/spring-boot-starter-json-3.1.4.jar:/Users/svetyartseva/.m2/repository/com/fasterxml/jackson/core/jackson-databind/2.15.2/jackson-databind-2.15.2.jar:/Users/svetyartseva/.m2/repository/com/fasterxml/jackson/core/jackson-annotations/2.15.2/jackson-annotations-2.15.2.jar:/Users/svetyartseva/.m2/repository/com/fasterxml/jackson/core/jackson-core/2.15.2/jackson-core-2.15.2.jar:/Users/svetyartseva/.m2/repository/com/fasterxml/jackson/datatype/jackson-datatype-jdk8/2.15.2/jackson-datatype-jdk8-2.15.2.jar:/Users/svetyartseva/.m2/repository/com/fasterxml/jackson/datatype/jackson-datatype-jsr310/2.15.2/jackson-datatype-jsr310-2.15.2.jar:/Users/svetyartseva/.m2/repository/com/fasterxml/jackson/module/jackson-module-parameter-names/2.15.2/jackson-module-parameter-names-2.15.2.jar:/Users/svetyartseva/.m2/repository/org/springframework/boot/spring-boot-starter-tomcat/3.1.4/spring-boot-starter-tomcat-3.1.4.jar:/Users/svetyartseva/.m2/repository/org/apache/tomcat/embed/tomcat-embed-core/10.1.13/tomcat-embed-core-10.1.13.jar:/Users/svetyartseva/.m2/repository/org/apache/tomcat/embed/tomcat-embed-el/10.1.13/tomcat-embed-el-10.1.13.jar:/Users/svetyartseva/.m2/repository/org/apache/tomcat/embed/tomcat-embed-websocket/10.1.13/tomcat-embed-websocket-10.1.13.jar:/Users/svetyartseva/.m2/repository/org/springframework/spring-web/6.0.12/spring-web-6.0.12.jar:/Users/svetyartseva/.m2/repository/org/springframework/spring-beans/6.0.12/spring-beans-6.0.12.jar:/Users/svetyartseva/.m2/repository/io/micrometer/micrometer-observation/1.11.4/micrometer-observation-1.11.4.jar:/Users/svetyartseva/.m2/repository/io/micrometer/micrometer-commons/1.11.4/micrometer-commons-1.11.4.jar:/Users/svetyartseva/.m2/repository/org/springframework/spring-webmvc/6.0.12/spring-webmvc-6.0.12.jar:/Users/svetyartseva/.m2/repository/org/springframework/spring-context/6.0.12/spring-context-6.0.12.jar:/Users/svetyartseva/.m2/repository/org/springframework/spring-expression/6.0.12/spring-expression-6.0.12.jar:/Users/svetyartseva/.m2/repository/org/springframework/boot/spring-boot-devtools/3.1.4/spring-boot-devtools-3.1.4.jar:/Users/svetyartseva/.m2/repository/org/springframework/boot/spring-boot/3.1.4/spring-boot-3.1.4.jar:/Users/svetyartseva/.m2/repository/org/springframework/boot/spring-boot-autoconfigure/3.1.4/spring-boot-autoconfigure-3.1.4.jar:/Users/svetyartseva/.m2/repository/jakarta/xml/bind/jakarta.xml.bind-api/4.0.1/jakarta.xml.bind-api-4.0.1.jar:/Users/svetyartseva/.m2/repository/jakarta/activation/jakarta.activation-api/2.1.2/jakarta.activation-api-2.1.2.jar:/Users/svetyartseva/.m2/repository/net/bytebuddy/byte-buddy/1.14.8/byte-buddy-1.14.8.jar:/Users/svetyartseva/.m2/repository/org/springframework/spring-core/6.0.12/spring-core-6.0.12.jar:/Users/svetyartseva/.m2/repository/org/springframework/spring-jcl/6.0.12/spring-jcl-6.0.12.jar:/Users/svetyartseva/.m2/repository/org/springframework/boot/spring-boot-starter-data-jpa/3.1.4/spring-boot-starter-data-jpa-3.1.4.jar:/Users/svetyartseva/.m2/repository/org/springframework/boot/spring-boot-starter-aop/3.1.4/spring-boot-starter-aop-3.1.4.jar:/Users/svetyartseva/.m2/repository/org/aspectj/aspectjweaver/1.9.20/aspectjweaver-1.9.20.jar:/Users/svetyartseva/.m2/repository/org/springframework/boot/spring-boot-starter-jdbc/3.1.4/spring-boot-starter-jdbc-3.1.4.jar:/Users/svetyartseva/.m2/repository/com/zaxxer/HikariCP/5.0.1/HikariCP-5.0.1.jar:/Users/svetyartseva/.m2/repository/org/springframework/spring-jdbc/6.0.12/spring-jdbc-6.0.12.jar:/Users/svetyartseva/.m2/repository/org/hibernate/orm/hibernate-core/6.2.9.Final/hibernate-core-6.2.9.Final.jar:/Users/svetyartseva/.m2/repository/jakarta/persistence/jakarta.persistence-api/3.1.0/jakarta.persistence-api-3.1.0.jar:/Users/svetyartseva/.m2/repository/jakarta/transaction/jakarta.transaction-api/2.0.1/jakarta.transaction-api-2.0.1.jar:/Users/svetyartseva/.m2/repository/org/jboss/logging/jboss-logging/3.5.3.Final/jboss-logging-3.5.3.Final.jar:/Users/svetyartseva/.m2/repository/org/hibernate/common/hibernate-commons-annotations/6.0.6.Final/hibernate-commons-annotations-6.0.6.Final.jar:/Users/svetyartseva/.m2/repository/io/smallrye/jandex/3.0.5/jandex-3.0.5.jar:/Users/svetyartseva/.m2/repository/com/fasterxml/classmate/1.5.1/classmate-1.5.1.jar:/Users/svetyartseva/.m2/repository/org/glassfish/jaxb/jaxb-runtime/4.0.3/jaxb-runtime-4.0.3.jar:/Users/svetyartseva/.m2/repository/org/glassfish/jaxb/jaxb-core/4.0.3/jaxb-core-4.0.3.jar:/Users/svetyartseva/.m2/repository/org/eclipse/angus/angus-activation/2.0.1/angus-activation-2.0.1.jar:/Users/svetyartseva/.m2/repository/org/glassfish/jaxb/txw2/4.0.3/txw2-4.0.3.jar:/Users/svetyartseva/.m2/repository/com/sun/istack/istack-commons-runtime/4.1.2/istack-commons-runtime-4.1.2.jar:/Users/svetyartseva/.m2/repository/jakarta/inject/jakarta.inject-api/2.0.1/jakarta.inject-api-2.0.1.jar:/Users/svetyartseva/.m2/repository/org/antlr/antlr4-runtime/4.10.1/antlr4-runtime-4.10.1.jar:/Users/svetyartseva/.m2/repository/org/springframework/data/spring-data-jpa/3.1.4/spring-data-jpa-3.1.4.jar:/Users/svetyartseva/.m2/repository/org/springframework/data/spring-data-commons/3.1.4/spring-data-commons-3.1.4.jar:/Users/svetyartseva/.m2/repository/org/springframework/spring-orm/6.0.12/spring-orm-6.0.12.jar:/Users/svetyartseva/.m2/repository/org/springframework/spring-tx/6.0.12/spring-tx-6.0.12.jar:/Users/svetyartseva/.m2/repository/org/springframework/spring-aspects/6.0.12/spring-aspects-6.0.12.jar:/Users/svetyartseva/.m2/repository/org/thymeleaf/thymeleaf/3.1.2.RELEASE/thymeleaf-3.1.2.RELEASE.jar:/Users/svetyartseva/.m2/repository/ognl/ognl/3.3.4/ognl-3.3.4.jar:/Users/svetyartseva/.m2/repository/org/javassist/javassist/3.29.0-GA/javassist-3.29.0-GA.jar:/Users/svetyartseva/.m2/repository/org/attoparser/attoparser/2.0.7.RELEASE/attoparser-2.0.7.RELEASE.jar:/Users/svetyartseva/.m2/repository/org/unbescape/unbescape/1.1.6.RELEASE/unbescape-1.1.6.RELEASE.jar:/Users/svetyartseva/.m2/repository/org/slf4j/slf4j-api/2.0.9/slf4j-api-2.0.9.jar:/Users/svetyartseva/.m2/repository/com/mysql/mysql-connector-j/8.0.33/mysql-connector-j-8.0.33.jar:/Users/svetyartseva/.m2/repository/org/projectlombok/lombok/1.18.30/lombok-1.18.30.jar:/Users/svetyartseva/.m2/repository/org/springframework/boot/spring-boot-starter-security/3.1.4/spring-boot-starter-security-3.1.4.jar:/Users/svetyartseva/.m2/repository/org/springframework/spring-aop/6.0.12/spring-aop-6.0.12.jar:/Users/svetyartseva/.m2/repository/org/springframework/security/spring-security-config/6.1.4/spring-security-config-6.1.4.jar:/Users/svetyartseva/.m2/repository/org/springframework/security/spring-security-web/6.1.4/spring-security-web-6.1.4.jar:/Users/svetyartseva/.m2/repository/org/springframework/security/spring-security-core/6.1.4/spring-security-core-6.1.4.jar:/Users/svetyartseva/.m2/repository/org/springframework/security/spring-security-crypto/6.1.4/spring-security-crypto-6.1.4.jar:/Applications/IntelliJ IDEA CE.app/Contents/lib/idea_rt.jar
Launcher Type: SUN_STANDARD

[Global flags]
     intx CICompilerCount                          = 4                                         {product} {ergonomic}
     uint ConcGCThreads                            = 2                                         {product} {ergonomic}
     uint G1ConcRefinementThreads                  = 8                                         {product} {ergonomic}
   size_t G1HeapRegionSize                         = 1048576                                   {product} {ergonomic}
    uintx GCDrainStackTargetSize                   = 64                                        {product} {ergonomic}
   size_t InitialHeapSize                          = 134217728                                 {product} {ergonomic}
   size_t MarkStackSize                            = 4194304                                   {product} {ergonomic}
   size_t MaxHeapSize                              = 2147483648                                {product} {ergonomic}
   size_t MaxNewSize                               = 1287651328                                {product} {ergonomic}
   size_t MinHeapDeltaBytes                        = 1048576                                   {product} {ergonomic}
   size_t MinHeapSize                              = 8388608                                   {product} {ergonomic}
    uintx NonNMethodCodeHeapSize                   = 5839564                                {pd product} {ergonomic}
    uintx NonProfiledCodeHeapSize                  = 122909338                              {pd product} {ergonomic}
    uintx ProfiledCodeHeapSize                     = 122909338                              {pd product} {ergonomic}
    uintx ReservedCodeCacheSize                    = 251658240                              {pd product} {ergonomic}
     bool SegmentedCodeCache                       = true                                      {product} {ergonomic}
   size_t SoftMaxHeapSize                          = 2147483648                             {manageable} {ergonomic}
     bool UseCompressedOops                        = true                           {product lp64_product} {ergonomic}
     bool UseG1GC                                  = true                                      {product} {ergonomic}
     bool UseNUMA                                  = false                                     {product} {ergonomic}
     bool UseNUMAInterleaving                      = false                                     {product} {ergonomic}

Logging:
Log output configuration:
 #0: stdout all=warning uptime,level,tags foldmultilines=false
 #1: stderr all=off uptime,level,tags foldmultilines=false

Environment Variables:
PATH=/opt/homebrew/bin:/opt/homebrew/sbin:/Library/Frameworks/Python.framework/Versions/3.9/bin:/usr/local/bin:/usr/bin:/bin:/usr/sbin:/sbin:/usr/local/share/dotnet:~/.dotnet/tools:/Library/Apple/usr/bin:/Library/Frameworks/Mono.framework/Versions/Current/Commands
SHELL=/bin/zsh
LC_CTYPE=ru_RU.UTF-8
TMPDIR=/var/folders/f9/bxcgw5xs2v53xyk9trr59wj00000gn/T/

Active Locale:
LC_ALL=C/ru_RU.UTF-8/C/C/C/C
LC_COLLATE=C
LC_CTYPE=ru_RU.UTF-8
LC_MESSAGES=C
LC_MONETARY=C
LC_NUMERIC=C
LC_TIME=C

Signal Handlers:
   SIGSEGV: crash_handler in libjvm.dylib, mask=11100110000111110111111111111111, flags=SA_ONSTACK|SA_RESTART|SA_SIGINFO, unblocked
    SIGBUS: crash_handler in libjvm.dylib, mask=11100110000111110111111111111111, flags=SA_RESTART|SA_SIGINFO, unblocked
    SIGFPE: crash_handler in libjvm.dylib, mask=11100110000111110111111111111111, flags=SA_RESTART|SA_SIGINFO, unblocked
   SIGPIPE: javaSignalHandler in libjvm.dylib, mask=11100110000111110111111111111111, flags=SA_RESTART|SA_SIGINFO, blocked
   SIGXFSZ: javaSignalHandler in libjvm.dylib, mask=11100110000111110111111111111111, flags=SA_RESTART|SA_SIGINFO, blocked
    SIGILL: crash_handler in libjvm.dylib, mask=11100110000111110111111111111111, flags=SA_RESTART|SA_SIGINFO, unblocked
   SIGUSR2: SR_handler in libjvm.dylib, mask=00100000000000000000000000000000, flags=SA_RESTART|SA_SIGINFO, blocked
    SIGHUP: UserHandler in libjvm.dylib, mask=11100110000111110111111111111111, flags=SA_RESTART|SA_SIGINFO, blocked
    SIGINT: UserHandler in libjvm.dylib, mask=11100110000111110111111111111111, flags=SA_RESTART|SA_SIGINFO, blocked
   SIGTERM: UserHandler in libjvm.dylib, mask=11100110000111110111111111111111, flags=SA_RESTART|SA_SIGINFO, blocked
   SIGQUIT: UserHandler in libjvm.dylib, mask=11100110000111110111111111111111, flags=SA_RESTART|SA_SIGINFO, blocked
   SIGTRAP: crash_handler in libjvm.dylib, mask=11100110000111110111111111111111, flags=SA_RESTART|SA_SIGINFO, unblocked


---------------  S Y S T E M  ---------------

OS:
uname: Darwin 21.5.0 Darwin Kernel Version 21.5.0: Tue Apr 26 21:08:29 PDT 2022; root:xnu-8020.121.3~4/RELEASE_ARM64_T8101 arm64
OS uptime: 15 days 17:28 hours
rlimit (soft/hard): STACK 8176k/65520k , CORE 0k/infinity , NPROC 1333/2000 , NOFILE 10240/infinity , AS infinity/infinity , CPU infinity/infinity , DATA infinity/infinity , FSIZE infinity/infinity , MEMLOCK infinity/infinity , RSS infinity/infinity
load average: 2.74 2.28 2.14

CPU: total 8 (initial active 8) 0x61:0x0:0x1b588bb3:0, fp, asimd, aes, pmull, sha1, sha256, crc32, lse, sha3, sha512
machdep.cpu.brand_string:Apple M1
hw.cachelinesize:128
hw.l1icachesize:131072
hw.l1dcachesize:65536
hw.l2cachesize:4194304

Memory: 16k page, physical 8388608k(63776k free), swap 1048576k(810752k free)

vm_info: OpenJDK 64-Bit Server VM (21+35-2513) for bsd-aarch64 JRE (21+35-2513), built on 2023-08-09T20:25:10Z by "mach5one" with clang Apple LLVM 12.0.0 (clang-1200.0.32.29)

END.
